hms-sql [admin]> SELECT e.name, d.name FROM employees e INNER JOIN departments d ON e.dept_id = d.id
*** Unknown syntax: SELECT e.name, d.name FROM employees e INNER JOIN departments d ON e.dept_id = d.id
hms-sql [admin]> SELECT e.name, d.name FROM employees e LEFT JOIN departments d ON e.dept_id = d.id
*** Unknown syntax: SELECT e.name, d.name FROM employees e LEFT JOIN departments d ON e.dept_id = d.id
-- INNER JOIN (default)
SELECT e.name, d.name FROM employees e INNER JOIN departments d ON e.dept_id = d.id

-- LEFT OUTER JOIN
SELECT e.name, d.name FROM employees e LEFT JOIN departments d ON e.dept_id = d.id

-- RIGHT OUTER JOIN
SELECT e.name, d.name FROM employees e RIGHT JOIN departments d ON e.dept_id = d.id

-- FULL OUTER JOIN
SELECT e.name, d.name FROM employees e FULL JOIN departments d ON e.dept_id = d.id

-- CROSS JOIN (no condition needed)
SELECT e.name, d.name FROM employees e CROSS JOIN departments d

-- Specifying join algorithm with hints
SELECT e.name, d.name FROM employees e JOIN departments d ON e.dept_id = d.id WITH (JOIN_TYPE='HASH')
SELECT e.name, d.name FROM employees e JOIN departments d ON e.dept_id = d.id WITH (JOIN_TYPE='NESTED_LOOP')
SELECT e.name, d.name FROM employees e JOIN departments d ON e.dept_id = d.id WITH (JOIN_TYPE='MERGE')
SELECT e.name, d.name FROM employees e JOIN departments d ON e.dept_id = d.id WITH (JOIN_TYPE='INDEX')

---

-- Hash Join (default)
query SELECT e.name, d.name FROM employees e JOIN departments d ON e.dept_id = d.id

-- Sort-Merge Join
query SELECT e.name, d.name FROM employees e JOIN departments d ON e.dept_id = d.id WITH (JOIN_TYPE='MERGE')

-- Index Join (needs an index)
query CREATE INDEX idx_dept_id ON employees(dept_id)
query SELECT e.name, d.name FROM employees e JOIN departments d ON e.dept_id = d.id WITH (JOIN_TYPE='INDEX')

-- Subquery
query SELECT * FROM employees WHERE dept_id IN (SELECT id FROM departments WHERE name = 'Engineering')

-- UNION
query SELECT id, name FROM employees UNION SELECT id, name FROM departments

-- these all return with Unknown syntax or no result