============================= test session starts ==============================
platform linux -- Python 3.13.2, pytest-8.3.5, pluggy-1.5.0
rootdir: /home/deginandor/Documents/Programming/pyHMSSQL
configfile: pytest.ini
testpaths: tests
plugins: anyio-4.8.0, Faker-36.1.1, typeguard-4.4.2
collected 43 items / 41 deselected / 2 selected
run-last-failure: rerun previous 2 failures

tests/test_ddl/test_tables_ops.py::TestCreateTable::test_create_table_with_constraints 
-------------------------------- live log setup --------------------------------
INFO     root:catalog_manager.py:62 CatalogManager initialized with file-based storage.
INFO     root:catalog_manager.py:132 Database test_db created.
INFO     root:catalog_manager.py:177 Current database set to: test_db
-------------------------------- live log call ---------------------------------
INFO     bptree:bptree.py:36 Created new B+ tree 'products' with order 50
FAILED                                                                   [ 50%]
tests/test_transactions/test_transaction_manager.py::TestTransactionOperations::test_transaction_rollback 
-------------------------------- live log setup --------------------------------
INFO     root:catalog_manager.py:62 CatalogManager initialized with file-based storage.
INFO     root:catalog_manager.py:132 Database test_db created.
INFO     root:catalog_manager.py:177 Current database set to: test_db
INFO     bptree:bptree.py:36 Created new B+ tree 'customers' with order 50
INFO     root:catalog_manager.py:656 Record inserted into customers with ID 1
INFO     root:catalog_manager.py:656 Record inserted into customers with ID 2
INFO     root:catalog_manager.py:656 Record inserted into customers with ID 3
-------------------------------- live log call ---------------------------------
INFO     transaction.transaction_manager:transaction_manager.py:48 Started transaction ec769e5c-4cb4-4878-be92-c4e32ff705a3
INFO     root:catalog_manager.py:656 Record inserted into customers with ID 101
WARNING  transaction.transaction_manager:transaction_manager.py:27 Transaction ec769e5c-4cb4-4878-be92-c4e32ff705a3 not found, creating it
WARNING  root:catalog_manager.py:635 Primary key violation: id=101 already exists
FAILED                                                                   [100%]

=================================== FAILURES ===================================
______________ TestCreateTable.test_create_table_with_constraints ______________

self = <test_tables_ops.TestCreateTable object at 0x75417687b6f0>
schema_manager = <ddl_processor.schema_manager.SchemaManager object at 0x7541774c1400>
catalog_manager = <catalog_manager.CatalogManager object at 0x75417784a900>

    def test_create_table_with_constraints(self, schema_manager, catalog_manager):
        """Test creating a table with various constraints."""
        plan = {
            "type": "CREATE_TABLE",
            "table": "products",
            "columns": [
                "id INT NOT NULL PRIMARY KEY",
                "name TEXT NOT NULL",
                "price DECIMAL NOT NULL",
                "category_id INT",
                "FOREIGN KEY (category_id) REFERENCES categories(id)",
            ],
        }
    
        result = schema_manager.execute_create_table(plan)
    
        assert result["status"] == "success"
        tables = catalog_manager.list_tables("test_db")
        assert "products" in tables
    
        # Verify constraints in schema
        schema = catalog_manager.get_table_schema("products")
>       assert any("FOREIGN KEY" in str(schema).upper())
E       TypeError: 'bool' object is not iterable

tests/test_ddl/test_tables_ops.py:71: TypeError
---------------------------- Captured stderr setup -----------------------------
2025-04-07 14:40:25,432 - faker.factory - DEBUG - Looking for locale `en_US` in provider `faker.providers.address`.
2025-04-07 14:40:25,433 - faker.factory - DEBUG - Provider `faker.providers.address` has been localized to `en_US`.
2025-04-07 14:40:25,436 - faker.factory - DEBUG - Looking for locale `en_US` in provider `faker.providers.automotive`.
2025-04-07 14:40:25,436 - faker.factory - DEBUG - Provider `faker.providers.automotive` has been localized to `en_US`.
2025-04-07 14:40:25,437 - faker.factory - DEBUG - Looking for locale `en_US` in provider `faker.providers.bank`.
2025-04-07 14:40:25,437 - faker.factory - DEBUG - Specified locale `en_US` is not available for provider `faker.providers.bank`. Locale reset to `en_GB` for this provider.
2025-04-07 14:40:25,437 - faker.factory - DEBUG - Looking for locale `en_US` in provider `faker.providers.barcode`.
2025-04-07 14:40:25,437 - faker.factory - DEBUG - Provider `faker.providers.barcode` has been localized to `en_US`.
2025-04-07 14:40:25,439 - faker.factory - DEBUG - Looking for locale `en_US` in provider `faker.providers.color`.
2025-04-07 14:40:25,439 - faker.factory - DEBUG - Provider `faker.providers.color` has been localized to `en_US`.
2025-04-07 14:40:25,439 - faker.factory - DEBUG - Looking for locale `en_US` in provider `faker.providers.company`.
2025-04-07 14:40:25,440 - faker.factory - DEBUG - Provider `faker.providers.company` has been localized to `en_US`.
2025-04-07 14:40:25,440 - faker.factory - DEBUG - Looking for locale `en_US` in provider `faker.providers.credit_card`.
2025-04-07 14:40:25,440 - faker.factory - DEBUG - Provider `faker.providers.credit_card` has been localized to `en_US`.
2025-04-07 14:40:25,440 - faker.factory - DEBUG - Looking for locale `en_US` in provider `faker.providers.currency`.
2025-04-07 14:40:25,441 - faker.factory - DEBUG - Provider `faker.providers.currency` has been localized to `en_US`.
2025-04-07 14:40:25,441 - faker.factory - DEBUG - Looking for locale `en_US` in provider `faker.providers.date_time`.
2025-04-07 14:40:25,442 - faker.factory - DEBUG - Provider `faker.providers.date_time` has been localized to `en_US`.
2025-04-07 14:40:25,442 - faker.factory - DEBUG - Provider `faker.providers.emoji` does not feature localization. Specified locale `en_US` is not utilized for this provider.
2025-04-07 14:40:25,442 - faker.factory - DEBUG - Provider `faker.providers.file` does not feature localization. Specified locale `en_US` is not utilized for this provider.
2025-04-07 14:40:25,442 - faker.factory - DEBUG - Looking for locale `en_US` in provider `faker.providers.geo`.
2025-04-07 14:40:25,442 - faker.factory - DEBUG - Provider `faker.providers.geo` has been localized to `en_US`.
2025-04-07 14:40:25,442 - faker.factory - DEBUG - Looking for locale `en_US` in provider `faker.providers.internet`.
2025-04-07 14:40:25,443 - faker.factory - DEBUG - Provider `faker.providers.internet` has been localized to `en_US`.
2025-04-07 14:40:25,443 - faker.factory - DEBUG - Looking for locale `en_US` in provider `faker.providers.isbn`.
2025-04-07 14:40:25,443 - faker.factory - DEBUG - Provider `faker.providers.isbn` has been localized to `en_US`.
2025-04-07 14:40:25,443 - faker.factory - DEBUG - Looking for locale `en_US` in provider `faker.providers.job`.
2025-04-07 14:40:25,444 - faker.factory - DEBUG - Provider `faker.providers.job` has been localized to `en_US`.
2025-04-07 14:40:25,444 - faker.factory - DEBUG - Looking for locale `en_US` in provider `faker.providers.lorem`.
2025-04-07 14:40:25,444 - faker.factory - DEBUG - Provider `faker.providers.lorem` has been localized to `en_US`.
2025-04-07 14:40:25,445 - faker.factory - DEBUG - Looking for locale `en_US` in provider `faker.providers.misc`.
2025-04-07 14:40:25,445 - faker.factory - DEBUG - Provider `faker.providers.misc` has been localized to `en_US`.
2025-04-07 14:40:25,445 - faker.factory - DEBUG - Looking for locale `en_US` in provider `faker.providers.passport`.
2025-04-07 14:40:25,445 - faker.factory - DEBUG - Provider `faker.providers.passport` has been localized to `en_US`.
2025-04-07 14:40:25,446 - faker.factory - DEBUG - Looking for locale `en_US` in provider `faker.providers.person`.
2025-04-07 14:40:25,446 - faker.factory - DEBUG - Provider `faker.providers.person` has been localized to `en_US`.
2025-04-07 14:40:25,455 - faker.factory - DEBUG - Looking for locale `en_US` in provider `faker.providers.phone_number`.
2025-04-07 14:40:25,456 - faker.factory - DEBUG - Provider `faker.providers.phone_number` has been localized to `en_US`.
2025-04-07 14:40:25,456 - faker.factory - DEBUG - Provider `faker.providers.profile` does not feature localization. Specified locale `en_US` is not utilized for this provider.
2025-04-07 14:40:25,456 - faker.factory - DEBUG - Provider `faker.providers.python` does not feature localization. Specified locale `en_US` is not utilized for this provider.
2025-04-07 14:40:25,456 - faker.factory - DEBUG - Provider `faker.providers.sbn` does not feature localization. Specified locale `en_US` is not utilized for this provider.
2025-04-07 14:40:25,456 - faker.factory - DEBUG - Looking for locale `en_US` in provider `faker.providers.ssn`.
2025-04-07 14:40:25,457 - faker.factory - DEBUG - Provider `faker.providers.ssn` has been localized to `en_US`.
2025-04-07 14:40:25,458 - faker.factory - DEBUG - Provider `faker.providers.user_agent` does not feature localization. Specified locale `en_US` is not utilized for this provider.
2025-04-07 14:40:25,458 - root - INFO - CatalogManager initialized with file-based storage.
2025-04-07 14:40:25,458 - root - DEBUG - Creating database: test_db
2025-04-07 14:40:25,458 - root - INFO - Database test_db created.
2025-04-07 14:40:25,458 - root - INFO - Current database set to: test_db
------------------------------ Captured log setup ------------------------------
DEBUG    faker.factory:factory.py:78 Looking for locale `en_US` in provider `faker.providers.address`.
DEBUG    faker.factory:factory.py:97 Provider `faker.providers.address` has been localized to `en_US`.
DEBUG    faker.factory:factory.py:78 Looking for locale `en_US` in provider `faker.providers.automotive`.
DEBUG    faker.factory:factory.py:97 Provider `faker.providers.automotive` has been localized to `en_US`.
DEBUG    faker.factory:factory.py:78 Looking for locale `en_US` in provider `faker.providers.bank`.
DEBUG    faker.factory:factory.py:88 Specified locale `en_US` is not available for provider `faker.providers.bank`. Locale reset to `en_GB` for this provider.
DEBUG    faker.factory:factory.py:78 Looking for locale `en_US` in provider `faker.providers.barcode`.
DEBUG    faker.factory:factory.py:97 Provider `faker.providers.barcode` has been localized to `en_US`.
DEBUG    faker.factory:factory.py:78 Looking for locale `en_US` in provider `faker.providers.color`.
DEBUG    faker.factory:factory.py:97 Provider `faker.providers.color` has been localized to `en_US`.
DEBUG    faker.factory:factory.py:78 Looking for locale `en_US` in provider `faker.providers.company`.
DEBUG    faker.factory:factory.py:97 Provider `faker.providers.company` has been localized to `en_US`.
DEBUG    faker.factory:factory.py:78 Looking for locale `en_US` in provider `faker.providers.credit_card`.
DEBUG    faker.factory:factory.py:97 Provider `faker.providers.credit_card` has been localized to `en_US`.
DEBUG    faker.factory:factory.py:78 Looking for locale `en_US` in provider `faker.providers.currency`.
DEBUG    faker.factory:factory.py:97 Provider `faker.providers.currency` has been localized to `en_US`.
DEBUG    faker.factory:factory.py:78 Looking for locale `en_US` in provider `faker.providers.date_time`.
DEBUG    faker.factory:factory.py:97 Provider `faker.providers.date_time` has been localized to `en_US`.
DEBUG    faker.factory:factory.py:108 Provider `faker.providers.emoji` does not feature localization. Specified locale `en_US` is not utilized for this provider.
DEBUG    faker.factory:factory.py:108 Provider `faker.providers.file` does not feature localization. Specified locale `en_US` is not utilized for this provider.
DEBUG    faker.factory:factory.py:78 Looking for locale `en_US` in provider `faker.providers.geo`.
DEBUG    faker.factory:factory.py:97 Provider `faker.providers.geo` has been localized to `en_US`.
DEBUG    faker.factory:factory.py:78 Looking for locale `en_US` in provider `faker.providers.internet`.
DEBUG    faker.factory:factory.py:97 Provider `faker.providers.internet` has been localized to `en_US`.
DEBUG    faker.factory:factory.py:78 Looking for locale `en_US` in provider `faker.providers.isbn`.
DEBUG    faker.factory:factory.py:97 Provider `faker.providers.isbn` has been localized to `en_US`.
DEBUG    faker.factory:factory.py:78 Looking for locale `en_US` in provider `faker.providers.job`.
DEBUG    faker.factory:factory.py:97 Provider `faker.providers.job` has been localized to `en_US`.
DEBUG    faker.factory:factory.py:78 Looking for locale `en_US` in provider `faker.providers.lorem`.
DEBUG    faker.factory:factory.py:97 Provider `faker.providers.lorem` has been localized to `en_US`.
DEBUG    faker.factory:factory.py:78 Looking for locale `en_US` in provider `faker.providers.misc`.
DEBUG    faker.factory:factory.py:97 Provider `faker.providers.misc` has been localized to `en_US`.
DEBUG    faker.factory:factory.py:78 Looking for locale `en_US` in provider `faker.providers.passport`.
DEBUG    faker.factory:factory.py:97 Provider `faker.providers.passport` has been localized to `en_US`.
DEBUG    faker.factory:factory.py:78 Looking for locale `en_US` in provider `faker.providers.person`.
DEBUG    faker.factory:factory.py:97 Provider `faker.providers.person` has been localized to `en_US`.
DEBUG    faker.factory:factory.py:78 Looking for locale `en_US` in provider `faker.providers.phone_number`.
DEBUG    faker.factory:factory.py:97 Provider `faker.providers.phone_number` has been localized to `en_US`.
DEBUG    faker.factory:factory.py:108 Provider `faker.providers.profile` does not feature localization. Specified locale `en_US` is not utilized for this provider.
DEBUG    faker.factory:factory.py:108 Provider `faker.providers.python` does not feature localization. Specified locale `en_US` is not utilized for this provider.
DEBUG    faker.factory:factory.py:108 Provider `faker.providers.sbn` does not feature localization. Specified locale `en_US` is not utilized for this provider.
DEBUG    faker.factory:factory.py:78 Looking for locale `en_US` in provider `faker.providers.ssn`.
DEBUG    faker.factory:factory.py:97 Provider `faker.providers.ssn` has been localized to `en_US`.
DEBUG    faker.factory:factory.py:108 Provider `faker.providers.user_agent` does not feature localization. Specified locale `en_US` is not utilized for this provider.
INFO     root:catalog_manager.py:62 CatalogManager initialized with file-based storage.
DEBUG    root:catalog_manager.py:114 Creating database: test_db
INFO     root:catalog_manager.py:132 Database test_db created.
INFO     root:catalog_manager.py:177 Current database set to: test_db
----------------------------- Captured stderr call -----------------------------
2025-04-07 14:40:25,459 - bptree - INFO - Created new B+ tree 'products' with order 50
2025-04-07 14:40:25,459 - root - DEBUG - Saving B+ tree to file: /tmp/tmpn1trcn7y/tables/test_db/products.tbl
------------------------------ Captured log call -------------------------------
INFO     bptree:bptree.py:36 Created new B+ tree 'products' with order 50
DEBUG    root:bptree.py:303 Saving B+ tree to file: /tmp/tmpn1trcn7y/tables/test_db/products.tbl
_____________ TestTransactionOperations.test_transaction_rollback ______________

self = <test_transaction_manager.TestTransactionOperations object at 0x754177862210>
transaction_manager = <transaction.transaction_manager.TransactionManager object at 0x75417784af90>
catalog_manager = <catalog_manager.CatalogManager object at 0x7541774a9090>
execution_engine = <execution_engine.ExecutionEngine object at 0x7541774c1fd0>
test_table = 'customers'

    def test_transaction_rollback(self, transaction_manager, catalog_manager, execution_engine, test_table):
        """Test transaction rollback."""
        # Start transaction
        begin_result = transaction_manager.execute_transaction_operation("BEGIN_TRANSACTION")
        transaction_id = begin_result["transaction_id"]
    
        # Execute INSERT within transaction
        insert_plan = {
            "type": "INSERT",
            "table": test_table,
            "columns": ["id", "name", "email", "age"],
            "values": [[101, "Rollback Test", "rollback@example.com", 50]],
            "transaction_id": transaction_id
        }
    
        insert_result = execution_engine.execute(insert_plan)
        assert insert_result["status"] == "success"
    
        # Rollback transaction
        rollback_result = transaction_manager.execute_transaction_operation("ROLLBACK", transaction_id)
        assert rollback_result["status"] == "success"
    
        # Verify data is not visible after rollback
        records = catalog_manager.query_with_condition(
            test_table, [{"column": "id", "operator": "=", "value": 101}]
        )
>       assert len(records) == 0
E       AssertionError: assert 1 == 0
E        +  where 1 = len([{'age': 50, 'email': 'rollback@example.com', 'id': 101, 'name': 'Rollback Test'}])

tests/test_transactions/test_transaction_manager.py:82: AssertionError
---------------------------- Captured stderr setup -----------------------------
2025-04-07 14:40:25,467 - root - INFO - CatalogManager initialized with file-based storage.
2025-04-07 14:40:25,467 - root - DEBUG - Creating database: test_db
2025-04-07 14:40:25,467 - root - INFO - Database test_db created.
2025-04-07 14:40:25,467 - root - INFO - Current database set to: test_db
2025-04-07 14:40:25,467 - bptree - INFO - Created new B+ tree 'customers' with order 50
2025-04-07 14:40:25,467 - root - DEBUG - Saving B+ tree to file: /tmp/tmpcpd5ww5c/tables/test_db/customers.tbl
2025-04-07 14:40:25,467 - root - DEBUG - Table customers - PK: id, Identity: False
2025-04-07 14:40:25,467 - root - DEBUG - Loading B+ tree from file: /tmp/tmpcpd5ww5c/tables/test_db/customers.tbl
2025-04-07 14:40:25,467 - bptree - DEBUG - [customers][1] RANGE QUERY - from -inf to inf
2025-04-07 14:40:25,467 - bptree - DEBUG - [customers] RANGE QUERY RESULT - found 0 entries
2025-04-07 14:40:25,467 - root - DEBUG - Checking primary key constraint: id=1
2025-04-07 14:40:25,467 - root - DEBUG - Inserting record with ID 1: {'id': 1, 'name': 'John Doe', 'email': 'john@example.com', 'age': 30}
2025-04-07 14:40:25,467 - bptree - DEBUG - [customers][2] INSERT - key: 1, value: {'id': 1, 'name': 'John Doe', 'email': 'john@example.com', 'age': 30}
2025-04-07 14:40:25,467 - bptree - DEBUG - Tree before insert: {"id": 0, "leaf": true, "keys": [], "children": []}
2025-04-07 14:40:25,467 - bptree - DEBUG - [customers] INSERT LEAF - key: 1, value: {'id': 1, 'name': 'John Doe', 'email': 'john@example.com', 'age': 30}, position: 0
2025-04-07 14:40:25,467 - bptree - DEBUG - Tree after insert: {"id": 0, "leaf": true, "keys": [1], "children": []}
2025-04-07 14:40:25,467 - root - DEBUG - Saving B+ tree to file: /tmp/tmpcpd5ww5c/tables/test_db/customers.tbl
2025-04-07 14:40:25,467 - root - INFO - Record inserted into customers with ID 1
2025-04-07 14:40:25,467 - root - DEBUG - Table customers - PK: id, Identity: False
2025-04-07 14:40:25,467 - root - DEBUG - Loading B+ tree from file: /tmp/tmpcpd5ww5c/tables/test_db/customers.tbl
2025-04-07 14:40:25,467 - bptree - DEBUG - [customers][3] RANGE QUERY - from -inf to inf
2025-04-07 14:40:25,467 - bptree - DEBUG - [customers] RANGE QUERY RESULT - found 1 entries
2025-04-07 14:40:25,467 - root - DEBUG - Checking primary key constraint: id=2
2025-04-07 14:40:25,467 - root - DEBUG - Inserting record with ID 2: {'id': 2, 'name': 'Jane Smith', 'email': 'jane@example.com', 'age': 25}
2025-04-07 14:40:25,467 - bptree - DEBUG - [customers][4] INSERT - key: 2, value: {'id': 2, 'name': 'Jane Smith', 'email': 'jane@example.com', 'age': 25}
2025-04-07 14:40:25,467 - bptree - DEBUG - Tree before insert: {"id": 0, "leaf": true, "keys": [1], "children": []}
2025-04-07 14:40:25,467 - bptree - DEBUG - [customers] INSERT LEAF - key: 2, value: {'id': 2, 'name': 'Jane Smith', 'email': 'jane@example.com', 'age': 25}, position: 1
2025-04-07 14:40:25,467 - bptree - DEBUG - Tree after insert: {"id": 0, "leaf": true, "keys": [1, 2], "children": []}
2025-04-07 14:40:25,468 - root - DEBUG - Saving B+ tree to file: /tmp/tmpcpd5ww5c/tables/test_db/customers.tbl
2025-04-07 14:40:25,468 - root - INFO - Record inserted into customers with ID 2
2025-04-07 14:40:25,468 - root - DEBUG - Table customers - PK: id, Identity: False
2025-04-07 14:40:25,468 - root - DEBUG - Loading B+ tree from file: /tmp/tmpcpd5ww5c/tables/test_db/customers.tbl
2025-04-07 14:40:25,468 - bptree - DEBUG - [customers][5] RANGE QUERY - from -inf to inf
2025-04-07 14:40:25,468 - bptree - DEBUG - [customers] RANGE QUERY RESULT - found 2 entries
2025-04-07 14:40:25,468 - root - DEBUG - Checking primary key constraint: id=3
2025-04-07 14:40:25,468 - root - DEBUG - Inserting record with ID 3: {'id': 3, 'name': 'Bob Johnson', 'email': 'bob@example.com', 'age': 40}
2025-04-07 14:40:25,468 - bptree - DEBUG - [customers][6] INSERT - key: 3, value: {'id': 3, 'name': 'Bob Johnson', 'email': 'bob@example.com', 'age': 40}
2025-04-07 14:40:25,468 - bptree - DEBUG - Tree before insert: {"id": 0, "leaf": true, "keys": [1, 2], "children": []}
2025-04-07 14:40:25,468 - bptree - DEBUG - [customers] INSERT LEAF - key: 3, value: {'id': 3, 'name': 'Bob Johnson', 'email': 'bob@example.com', 'age': 40}, position: 2
2025-04-07 14:40:25,468 - bptree - DEBUG - Tree after insert: {"id": 0, "leaf": true, "keys": [1, 2, 3], "children": []}
2025-04-07 14:40:25,468 - root - DEBUG - Saving B+ tree to file: /tmp/tmpcpd5ww5c/tables/test_db/customers.tbl
2025-04-07 14:40:25,468 - root - INFO - Record inserted into customers with ID 3
------------------------------ Captured log setup ------------------------------
INFO     root:catalog_manager.py:62 CatalogManager initialized with file-based storage.
DEBUG    root:catalog_manager.py:114 Creating database: test_db
INFO     root:catalog_manager.py:132 Database test_db created.
INFO     root:catalog_manager.py:177 Current database set to: test_db
INFO     bptree:bptree.py:36 Created new B+ tree 'customers' with order 50
DEBUG    root:bptree.py:303 Saving B+ tree to file: /tmp/tmpcpd5ww5c/tables/test_db/customers.tbl
DEBUG    root:catalog_manager.py:578 Table customers - PK: id, Identity: False
DEBUG    root:bptree.py:317 Loading B+ tree from file: /tmp/tmpcpd5ww5c/tables/test_db/customers.tbl
DEBUG    bptree:bptree.py:212 [customers][1] RANGE QUERY - from -inf to inf
DEBUG    bptree:bptree.py:219 [customers] RANGE QUERY RESULT - found 0 entries
DEBUG    root:catalog_manager.py:624 Checking primary key constraint: id=1
DEBUG    root:catalog_manager.py:648 Inserting record with ID 1: {'id': 1, 'name': 'John Doe', 'email': 'john@example.com', 'age': 30}
DEBUG    bptree:bptree.py:41 [customers][2] INSERT - key: 1, value: {'id': 1, 'name': 'John Doe', 'email': 'john@example.com', 'age': 30}
DEBUG    bptree:bptree.py:47 Tree before insert: {"id": 0, "leaf": true, "keys": [], "children": []}
DEBUG    bptree:bptree.py:148 [customers] INSERT LEAF - key: 1, value: {'id': 1, 'name': 'John Doe', 'email': 'john@example.com', 'age': 30}, position: 0
DEBUG    bptree:bptree.py:66 Tree after insert: {"id": 0, "leaf": true, "keys": [1], "children": []}
DEBUG    root:bptree.py:303 Saving B+ tree to file: /tmp/tmpcpd5ww5c/tables/test_db/customers.tbl
INFO     root:catalog_manager.py:656 Record inserted into customers with ID 1
DEBUG    root:catalog_manager.py:578 Table customers - PK: id, Identity: False
DEBUG    root:bptree.py:317 Loading B+ tree from file: /tmp/tmpcpd5ww5c/tables/test_db/customers.tbl
DEBUG    bptree:bptree.py:212 [customers][3] RANGE QUERY - from -inf to inf
DEBUG    bptree:bptree.py:219 [customers] RANGE QUERY RESULT - found 1 entries
DEBUG    root:catalog_manager.py:624 Checking primary key constraint: id=2
DEBUG    root:catalog_manager.py:648 Inserting record with ID 2: {'id': 2, 'name': 'Jane Smith', 'email': 'jane@example.com', 'age': 25}
DEBUG    bptree:bptree.py:41 [customers][4] INSERT - key: 2, value: {'id': 2, 'name': 'Jane Smith', 'email': 'jane@example.com', 'age': 25}
DEBUG    bptree:bptree.py:47 Tree before insert: {"id": 0, "leaf": true, "keys": [1], "children": []}
DEBUG    bptree:bptree.py:148 [customers] INSERT LEAF - key: 2, value: {'id': 2, 'name': 'Jane Smith', 'email': 'jane@example.com', 'age': 25}, position: 1
DEBUG    bptree:bptree.py:66 Tree after insert: {"id": 0, "leaf": true, "keys": [1, 2], "children": []}
DEBUG    root:bptree.py:303 Saving B+ tree to file: /tmp/tmpcpd5ww5c/tables/test_db/customers.tbl
INFO     root:catalog_manager.py:656 Record inserted into customers with ID 2
DEBUG    root:catalog_manager.py:578 Table customers - PK: id, Identity: False
DEBUG    root:bptree.py:317 Loading B+ tree from file: /tmp/tmpcpd5ww5c/tables/test_db/customers.tbl
DEBUG    bptree:bptree.py:212 [customers][5] RANGE QUERY - from -inf to inf
DEBUG    bptree:bptree.py:219 [customers] RANGE QUERY RESULT - found 2 entries
DEBUG    root:catalog_manager.py:624 Checking primary key constraint: id=3
DEBUG    root:catalog_manager.py:648 Inserting record with ID 3: {'id': 3, 'name': 'Bob Johnson', 'email': 'bob@example.com', 'age': 40}
DEBUG    bptree:bptree.py:41 [customers][6] INSERT - key: 3, value: {'id': 3, 'name': 'Bob Johnson', 'email': 'bob@example.com', 'age': 40}
DEBUG    bptree:bptree.py:47 Tree before insert: {"id": 0, "leaf": true, "keys": [1, 2], "children": []}
DEBUG    bptree:bptree.py:148 [customers] INSERT LEAF - key: 3, value: {'id': 3, 'name': 'Bob Johnson', 'email': 'bob@example.com', 'age': 40}, position: 2
DEBUG    bptree:bptree.py:66 Tree after insert: {"id": 0, "leaf": true, "keys": [1, 2, 3], "children": []}
DEBUG    root:bptree.py:303 Saving B+ tree to file: /tmp/tmpcpd5ww5c/tables/test_db/customers.tbl
INFO     root:catalog_manager.py:656 Record inserted into customers with ID 3
----------------------------- Captured stderr call -----------------------------
2025-04-07 14:40:25,468 - transaction.transaction_manager - INFO - Started transaction ec769e5c-4cb4-4878-be92-c4e32ff705a3
2025-04-07 14:40:25,468 - root - DEBUG - Lock acquired: write on customers by temp_39208528-1847-485e-9b24-da964d71f5a2
2025-04-07 14:40:25,468 - root - DEBUG - Table customers - PK: id, Identity: False
2025-04-07 14:40:25,468 - root - DEBUG - Loading B+ tree from file: /tmp/tmpcpd5ww5c/tables/test_db/customers.tbl
2025-04-07 14:40:25,468 - bptree - DEBUG - [customers][7] RANGE QUERY - from -inf to inf
2025-04-07 14:40:25,468 - bptree - DEBUG - [customers] RANGE QUERY RESULT - found 3 entries
2025-04-07 14:40:25,468 - root - DEBUG - Checking primary key constraint: id=101
2025-04-07 14:40:25,468 - root - DEBUG - Inserting record with ID 101: {'id': 101, 'name': 'Rollback Test', 'email': 'rollback@example.com', 'age': 50}
2025-04-07 14:40:25,468 - bptree - DEBUG - [customers][8] INSERT - key: 101, value: {'id': 101, 'name': 'Rollback Test', 'email': 'rollback@example.com', 'age': 50}
2025-04-07 14:40:25,468 - bptree - DEBUG - Tree before insert: {"id": 0, "leaf": true, "keys": [1, 2, 3], "children": []}
2025-04-07 14:40:25,468 - bptree - DEBUG - [customers] INSERT LEAF - key: 101, value: {'id': 101, 'name': 'Rollback Test', 'email': 'rollback@example.com', 'age': 50}, position: 3
2025-04-07 14:40:25,468 - bptree - DEBUG - Tree after insert: {"id": 0, "leaf": true, "keys": [1, 2, 3, 101], "children": []}
2025-04-07 14:40:25,468 - root - DEBUG - Saving B+ tree to file: /tmp/tmpcpd5ww5c/tables/test_db/customers.tbl
2025-04-07 14:40:25,468 - root - INFO - Record inserted into customers with ID 101
2025-04-07 14:40:25,468 - root - DEBUG - Lock released on customers by temp_39208528-1847-485e-9b24-da964d71f5a2
2025-04-07 14:40:25,468 - transaction.transaction_manager - WARNING - Transaction ec769e5c-4cb4-4878-be92-c4e32ff705a3 not found, creating it
2025-04-07 14:40:25,468 - root - DEBUG - Lock acquired: write on customers by temp_1469c51e-4ef0-48c6-b610-e142dcec8569
2025-04-07 14:40:25,468 - root - DEBUG - Table customers - PK: id, Identity: False
2025-04-07 14:40:25,468 - root - DEBUG - Loading B+ tree from file: /tmp/tmpcpd5ww5c/tables/test_db/customers.tbl
2025-04-07 14:40:25,468 - bptree - DEBUG - [customers][9] RANGE QUERY - from -inf to inf
2025-04-07 14:40:25,468 - bptree - DEBUG - [customers] RANGE QUERY RESULT - found 4 entries
2025-04-07 14:40:25,468 - root - DEBUG - Checking primary key constraint: id=101
2025-04-07 14:40:25,468 - root - WARNING - Primary key violation: id=101 already exists
2025-04-07 14:40:25,468 - root - DEBUG - Lock released on customers by temp_1469c51e-4ef0-48c6-b610-e142dcec8569
2025-04-07 14:40:25,469 - root - DEBUG - Loading B+ tree from file: /tmp/tmpcpd5ww5c/tables/test_db/customers.tbl
2025-04-07 14:40:25,469 - bptree - DEBUG - [customers][9] RANGE QUERY - from -inf to inf
2025-04-07 14:40:25,469 - bptree - DEBUG - [customers] RANGE QUERY RESULT - found 4 entries
2025-04-07 14:40:25,469 - root - DEBUG - Found 4 total records in customers
2025-04-07 14:40:25,469 - root - DEBUG - Checking conditions: [{'column': 'id', 'operator': '=', 'value': 101}] against record: {'id': 1, 'name': 'John Doe', 'email': 'john@example.com', 'age': 30}
2025-04-07 14:40:25,469 - root - DEBUG - Comparing 1 = 101
2025-04-07 14:40:25,469 - root - DEBUG - Checking conditions: [{'column': 'id', 'operator': '=', 'value': 101}] against record: {'id': 2, 'name': 'Jane Smith', 'email': 'jane@example.com', 'age': 25}
2025-04-07 14:40:25,469 - root - DEBUG - Comparing 2 = 101
2025-04-07 14:40:25,469 - root - DEBUG - Checking conditions: [{'column': 'id', 'operator': '=', 'value': 101}] against record: {'id': 3, 'name': 'Bob Johnson', 'email': 'bob@example.com', 'age': 40}
2025-04-07 14:40:25,469 - root - DEBUG - Comparing 3 = 101
2025-04-07 14:40:25,469 - root - DEBUG - Checking conditions: [{'column': 'id', 'operator': '=', 'value': 101}] against record: {'id': 101, 'name': 'Rollback Test', 'email': 'rollback@example.com', 'age': 50}
2025-04-07 14:40:25,469 - root - DEBUG - Comparing 101 = 101
2025-04-07 14:40:25,469 - root - DEBUG - Returning 1 records after applying conditions
------------------------------ Captured log call -------------------------------
INFO     transaction.transaction_manager:transaction_manager.py:48 Started transaction ec769e5c-4cb4-4878-be92-c4e32ff705a3
DEBUG    root:lock_manager.py:63 Lock acquired: write on customers by temp_39208528-1847-485e-9b24-da964d71f5a2
DEBUG    root:catalog_manager.py:578 Table customers - PK: id, Identity: False
DEBUG    root:bptree.py:317 Loading B+ tree from file: /tmp/tmpcpd5ww5c/tables/test_db/customers.tbl
DEBUG    bptree:bptree.py:212 [customers][7] RANGE QUERY - from -inf to inf
DEBUG    bptree:bptree.py:219 [customers] RANGE QUERY RESULT - found 3 entries
DEBUG    root:catalog_manager.py:624 Checking primary key constraint: id=101
DEBUG    root:catalog_manager.py:648 Inserting record with ID 101: {'id': 101, 'name': 'Rollback Test', 'email': 'rollback@example.com', 'age': 50}
DEBUG    bptree:bptree.py:41 [customers][8] INSERT - key: 101, value: {'id': 101, 'name': 'Rollback Test', 'email': 'rollback@example.com', 'age': 50}
DEBUG    bptree:bptree.py:47 Tree before insert: {"id": 0, "leaf": true, "keys": [1, 2, 3], "children": []}
DEBUG    bptree:bptree.py:148 [customers] INSERT LEAF - key: 101, value: {'id': 101, 'name': 'Rollback Test', 'email': 'rollback@example.com', 'age': 50}, position: 3
DEBUG    bptree:bptree.py:66 Tree after insert: {"id": 0, "leaf": true, "keys": [1, 2, 3, 101], "children": []}
DEBUG    root:bptree.py:303 Saving B+ tree to file: /tmp/tmpcpd5ww5c/tables/test_db/customers.tbl
INFO     root:catalog_manager.py:656 Record inserted into customers with ID 101
DEBUG    root:lock_manager.py:144 Lock released on customers by temp_39208528-1847-485e-9b24-da964d71f5a2
WARNING  transaction.transaction_manager:transaction_manager.py:27 Transaction ec769e5c-4cb4-4878-be92-c4e32ff705a3 not found, creating it
DEBUG    root:lock_manager.py:63 Lock acquired: write on customers by temp_1469c51e-4ef0-48c6-b610-e142dcec8569
DEBUG    root:catalog_manager.py:578 Table customers - PK: id, Identity: False
DEBUG    root:bptree.py:317 Loading B+ tree from file: /tmp/tmpcpd5ww5c/tables/test_db/customers.tbl
DEBUG    bptree:bptree.py:212 [customers][9] RANGE QUERY - from -inf to inf
DEBUG    bptree:bptree.py:219 [customers] RANGE QUERY RESULT - found 4 entries
DEBUG    root:catalog_manager.py:624 Checking primary key constraint: id=101
WARNING  root:catalog_manager.py:635 Primary key violation: id=101 already exists
DEBUG    root:lock_manager.py:144 Lock released on customers by temp_1469c51e-4ef0-48c6-b610-e142dcec8569
DEBUG    root:catalog_manager.py:368 Loading B+ tree from file: /tmp/tmpcpd5ww5c/tables/test_db/customers.tbl
DEBUG    bptree:bptree.py:212 [customers][9] RANGE QUERY - from -inf to inf
DEBUG    bptree:bptree.py:219 [customers] RANGE QUERY RESULT - found 4 entries
DEBUG    root:catalog_manager.py:396 Found 4 total records in customers
DEBUG    root:catalog_manager.py:404 Checking conditions: [{'column': 'id', 'operator': '=', 'value': 101}] against record: {'id': 1, 'name': 'John Doe', 'email': 'john@example.com', 'age': 30}
DEBUG    root:catalog_manager.py:432 Comparing 1 = 101
DEBUG    root:catalog_manager.py:404 Checking conditions: [{'column': 'id', 'operator': '=', 'value': 101}] against record: {'id': 2, 'name': 'Jane Smith', 'email': 'jane@example.com', 'age': 25}
DEBUG    root:catalog_manager.py:432 Comparing 2 = 101
DEBUG    root:catalog_manager.py:404 Checking conditions: [{'column': 'id', 'operator': '=', 'value': 101}] against record: {'id': 3, 'name': 'Bob Johnson', 'email': 'bob@example.com', 'age': 40}
DEBUG    root:catalog_manager.py:432 Comparing 3 = 101
DEBUG    root:catalog_manager.py:404 Checking conditions: [{'column': 'id', 'operator': '=', 'value': 101}] against record: {'id': 101, 'name': 'Rollback Test', 'email': 'rollback@example.com', 'age': 50}
DEBUG    root:catalog_manager.py:432 Comparing 101 = 101
DEBUG    root:catalog_manager.py:499 Returning 1 records after applying conditions
=========================== short test summary info ============================
FAILED tests/test_ddl/test_tables_ops.py::TestCreateTable::test_create_table_with_constraints
FAILED tests/test_transactions/test_transaction_manager.py::TestTransactionOperations::test_transaction_rollback
======================= 2 failed, 41 deselected in 0.05s =======================
