2025-03-16 17:35:15,339 - INFO - ==== DBMS Server Starting ====
2025-03-16 17:35:15,340 - INFO - Logging to: E:\Programming\pyHMSSQL\server\logs\dbms_server_20250316_173515.log
2025-03-16 17:35:15,345 - DEBUG - {"topologyId": {"$oid": "67d6efb3789fe122f6d0d128"}, "message": "Starting topology monitoring"}
2025-03-16 17:35:15,346 - DEBUG - {"topologyId": {"$oid": "67d6efb3789fe122f6d0d128"}, "previousDescription": "<TopologyDescription id: 67d6efb3789fe122f6d0d128, topology_type: Unknown, servers: []>", "newDescription": "<TopologyDescription id: 67d6efb3789fe122f6d0d128, topology_type: Unknown, servers: [<ServerDescription ('localhost', 27017) server_type: Unknown, rtt: None>]>", "message": "Topology description changed"}
2025-03-16 17:35:15,348 - DEBUG - {"topologyId": {"$oid": "67d6efb3789fe122f6d0d128"}, "serverHost": "localhost", "serverPort": 27017, "message": "Starting server monitoring"}
2025-03-16 17:35:15,350 - DEBUG - {"clientId": {"$oid": "67d6efb3789fe122f6d0d128"}, "message": "Connection pool created", "serverHost": "localhost", "serverPort": 27017}
2025-03-16 17:35:15,353 - INFO - CatalogManager initialized.
2025-03-16 17:35:15,353 - INFO - IndexManager initialized with directory: indexes
2025-03-16 17:35:15,355 - DEBUG - {"topologyId": {"$oid": "67d6efb3789fe122f6d0d129"}, "message": "Starting topology monitoring"}
2025-03-16 17:35:15,356 - DEBUG - {"topologyId": {"$oid": "67d6efb3789fe122f6d0d129"}, "previousDescription": "<TopologyDescription id: 67d6efb3789fe122f6d0d129, topology_type: Unknown, servers: []>", "newDescription": "<TopologyDescription id: 67d6efb3789fe122f6d0d129, topology_type: Unknown, servers: [<ServerDescription ('localhost', 27017) server_type: Unknown, rtt: None>]>", "message": "Topology description changed"}
2025-03-16 17:35:15,357 - DEBUG - {"topologyId": {"$oid": "67d6efb3789fe122f6d0d129"}, "serverHost": "localhost", "serverPort": 27017, "message": "Starting server monitoring"}
2025-03-16 17:35:15,357 - DEBUG - {"topologyId": {"$oid": "67d6efb3789fe122f6d0d128"}, "driverConnectionId": 1, "serverHost": "localhost", "serverPort": 27017, "awaited": false, "message": "Server heartbeat started"}
2025-03-16 17:35:15,358 - DEBUG - {"clientId": {"$oid": "67d6efb3789fe122f6d0d129"}, "message": "Connection pool created", "serverHost": "localhost", "serverPort": 27017}
2025-03-16 17:35:15,359 - DEBUG - {"topologyId": {"$oid": "67d6efb3789fe122f6d0d128"}, "driverConnectionId": 1, "serverConnectionId": 31, "serverHost": "localhost", "serverPort": 27017, "awaited": false, "durationMS": 0.0, "reply": "{\"helloOk\": true, \"ismaster\": true, \"topologyVersion\": {\"processId\": {\"$oid\": \"67d68d46cab829f20eca4531\"}}, \"maxBsonObjectSize\": 16777216, \"maxMessageSizeBytes\": 48000000, \"maxWriteBatchSize\": 100000, \"localTime\": {\"$date\": \"2025-03-16T15:35:15.359Z\"}, \"logicalSessionTimeoutMinutes\": 30, \"connectionId\": 31, \"maxWireVersion\": 25, \"ok\": 1.0}", "message": "Server heartbeat succeeded"}
2025-03-16 17:35:15,360 - DEBUG - {"clientId": {"$oid": "67d6efb3789fe122f6d0d128"}, "message": "Connection pool ready", "serverHost": "localhost", "serverPort": 27017}
2025-03-16 17:35:15,360 - DEBUG - {"topologyId": {"$oid": "67d6efb3789fe122f6d0d128"}, "previousDescription": "<TopologyDescription id: 67d6efb3789fe122f6d0d128, topology_type: Unknown, servers: [<ServerDescription ('localhost', 27017) server_type: Unknown, rtt: None>]>", "newDescription": "<TopologyDescription id: 67d6efb3789fe122f6d0d128, topology_type: Single, servers: [<ServerDescription ('localhost', 27017) server_type: Standalone, rtt: 0.0>]>", "message": "Topology description changed"}
2025-03-16 17:35:15,360 - DEBUG - {"topologyId": {"$oid": "67d6efb3789fe122f6d0d129"}, "driverConnectionId": 1, "serverHost": "localhost", "serverPort": 27017, "awaited": false, "message": "Server heartbeat started"}
2025-03-16 17:35:15,364 - DEBUG - {"message": "Server selection started", "selector": "Primary()", "operation": "find", "topologyDescription": "<TopologyDescription id: 67d6efb3789fe122f6d0d128, topology_type: Single, servers: [<ServerDescription ('localhost', 27017) server_type: Standalone, rtt: 0.0>]>", "clientId": {"$oid": "67d6efb3789fe122f6d0d128"}}
2025-03-16 17:35:15,365 - DEBUG - {"message": "Server selection succeeded", "selector": "Primary()", "operation": "find", "topologyDescription": "<TopologyDescription id: 67d6efb3789fe122f6d0d128, topology_type: Single, servers: [<ServerDescription ('localhost', 27017) server_type: Standalone, rtt: 0.0>]>", "clientId": {"$oid": "67d6efb3789fe122f6d0d128"}, "serverHost": "localhost", "serverPort": 27017}
2025-03-16 17:35:15,366 - DEBUG - {"topologyId": {"$oid": "67d6efb3789fe122f6d0d129"}, "driverConnectionId": 1, "serverConnectionId": 32, "serverHost": "localhost", "serverPort": 27017, "awaited": false, "durationMS": 0.0, "reply": "{\"helloOk\": true, \"ismaster\": true, \"topologyVersion\": {\"processId\": {\"$oid\": \"67d68d46cab829f20eca4531\"}}, \"maxBsonObjectSize\": 16777216, \"maxMessageSizeBytes\": 48000000, \"maxWriteBatchSize\": 100000, \"localTime\": {\"$date\": \"2025-03-16T15:35:15.366Z\"}, \"logicalSessionTimeoutMinutes\": 30, \"connectionId\": 32, \"maxWireVersion\": 25, \"ok\": 1.0}", "message": "Server heartbeat succeeded"}
2025-03-16 17:35:15,366 - DEBUG - {"topologyId": {"$oid": "67d6efb3789fe122f6d0d128"}, "driverConnectionId": 1, "serverConnectionId": 31, "serverHost": "localhost", "serverPort": 27017, "awaited": true, "message": "Server heartbeat started"}
2025-03-16 17:35:15,366 - DEBUG - {"clientId": {"$oid": "67d6efb3789fe122f6d0d128"}, "message": "Connection checkout started", "serverHost": "localhost", "serverPort": 27017}
2025-03-16 17:35:15,367 - DEBUG - {"clientId": {"$oid": "67d6efb3789fe122f6d0d129"}, "message": "Connection pool ready", "serverHost": "localhost", "serverPort": 27017}
2025-03-16 17:35:15,369 - DEBUG - {"clientId": {"$oid": "67d6efb3789fe122f6d0d128"}, "message": "Connection created", "serverHost": "localhost", "serverPort": 27017, "driverConnectionId": 1}
2025-03-16 17:35:15,369 - DEBUG - {"topologyId": {"$oid": "67d6efb3789fe122f6d0d129"}, "previousDescription": "<TopologyDescription id: 67d6efb3789fe122f6d0d129, topology_type: Unknown, servers: [<ServerDescription ('localhost', 27017) server_type: Unknown, rtt: None>]>", "newDescription": "<TopologyDescription id: 67d6efb3789fe122f6d0d129, topology_type: Single, servers: [<ServerDescription ('localhost', 27017) server_type: Standalone, rtt: 0.0>]>", "message": "Topology description changed"}
2025-03-16 17:35:15,371 - DEBUG - {"topologyId": {"$oid": "67d6efb3789fe122f6d0d129"}, "driverConnectionId": 1, "serverConnectionId": 32, "serverHost": "localhost", "serverPort": 27017, "awaited": true, "message": "Server heartbeat started"}
2025-03-16 17:35:15,372 - DEBUG - {"clientId": {"$oid": "67d6efb3789fe122f6d0d128"}, "message": "Connection ready", "serverHost": "localhost", "serverPort": 27017, "driverConnectionId": 1, "durationMS": 0.0}
2025-03-16 17:35:15,373 - DEBUG - {"clientId": {"$oid": "67d6efb3789fe122f6d0d128"}, "message": "Connection checked out", "serverHost": "localhost", "serverPort": 27017, "driverConnectionId": 1, "durationMS": 0.01600000000325963}
2025-03-16 17:35:15,373 - DEBUG - {"clientId": {"$oid": "67d6efb3789fe122f6d0d128"}, "message": "Command started", "command": "{\"find\": \"preferences\", \"limit\": 1, \"singleBatch\": true, \"lsid\": {\"id\": {\"$binary\": {\"base64\": \"51VNv0ZkTEKCga6cCBfJUA==\", \"subType\": \"04\"}}}, \"$db\": \"dbms_project\"}", "commandName": "find", "databaseName": "dbms_project", "requestId": 18467, "operationId": 18467, "driverConnectionId": 1, "serverConnectionId": 34, "serverHost": "localhost", "serverPort": 27017}
2025-03-16 17:35:15,374 - DEBUG - {"clientId": {"$oid": "67d6efb3789fe122f6d0d128"}, "message": "Command succeeded", "durationMS": 0.9990000000000001, "reply": "{\"cursor\": {\"ns\": \"dbms_project.preferences\"}, \"ok\": 1.0}", "commandName": "find", "databaseName": "dbms_project", "requestId": 18467, "operationId": 18467, "driverConnectionId": 1, "serverConnectionId": 34, "serverHost": "localhost", "serverPort": 27017}
2025-03-16 17:35:15,375 - DEBUG - {"clientId": {"$oid": "67d6efb3789fe122f6d0d128"}, "message": "Connection checked in", "serverHost": "localhost", "serverPort": 27017, "driverConnectionId": 1}
2025-03-16 17:35:15,376 - INFO - Testing SQL parser with example queries
2025-03-16 17:35:15,376 - DEBUG - Parsing SQL query: SELECT id, name FROM users WHERE age > 18
2025-03-16 17:35:15,385 - DEBUG - Parsed SQL result: {'type': 'SELECT', 'query': 'SELECT id, name FROM users WHERE age > 18', 'columns': ['id', 'name'], 'tables': [], 'where': None, 'joins': [], 'groupBy': [], 'having': None, 'orderBy': [], 'limit': None}
2025-03-16 17:35:15,386 - INFO - Test query: SELECT id, name FROM users WHERE age > 18
2025-03-16 17:35:15,386 - INFO - Parsed result: {"type": "SELECT", "query": "SELECT id, name FROM users WHERE age > 18", "columns": ["id", "name"], "tables": [], "where": null, "joins": [], "groupBy": [], "having": null, "orderBy": [], "limit": null}
2025-03-16 17:35:15,387 - DEBUG - Parsing SQL query: INSERT INTO users (id, name) VALUES (1, 'test')
2025-03-16 17:35:15,388 - DEBUG - Parsed SQL result: {'type': 'INSERT', 'query': "INSERT INTO users (id, name) VALUES (1, 'test')", 'table': 'users', 'columns': [], 'values': []}
2025-03-16 17:35:15,388 - INFO - Test query: INSERT INTO users (id, name) VALUES (1, 'test')
2025-03-16 17:35:15,389 - INFO - Parsed result: {"type": "INSERT", "query": "INSERT INTO users (id, name) VALUES (1, 'test')", "table": "users", "columns": [], "values": []}
2025-03-16 17:35:15,389 - DEBUG - Parsing SQL query: UPDATE users SET name = 'John' WHERE id = 1
2025-03-16 17:35:15,390 - DEBUG - Parsed SQL result: {'type': 'UPDATE', 'query': "UPDATE users SET name = 'John' WHERE id = 1", 'table': 'users', 'set': {'': ''}, 'where': None}
2025-03-16 17:35:15,391 - INFO - Test query: UPDATE users SET name = 'John' WHERE id = 1
2025-03-16 17:35:15,391 - INFO - Parsed result: {"type": "UPDATE", "query": "UPDATE users SET name = 'John' WHERE id = 1", "table": "users", "set": {"": ""}, "where": null}
2025-03-16 17:35:15,392 - DEBUG - Parsing SQL query: DELETE FROM users WHERE id = 1
2025-03-16 17:35:15,393 - DEBUG - Parsed SQL result: {'type': 'DELETE', 'query': 'DELETE FROM users WHERE id = 1', 'table': 'users', 'where': None}
2025-03-16 17:35:15,393 - INFO - Test query: DELETE FROM users WHERE id = 1
2025-03-16 17:35:15,394 - INFO - Parsed result: {"type": "DELETE", "query": "DELETE FROM users WHERE id = 1", "table": "users", "where": null}
2025-03-16 17:35:15,394 - DEBUG - Parsing SQL query: CREATE TABLE users (id INT PRIMARY KEY, name TEXT)
2025-03-16 17:35:15,395 - DEBUG - Parsed SQL result: {'type': 'CREATE', 'query': 'CREATE TABLE users (id INT PRIMARY KEY, name TEXT)', 'table': 'users', 'database': None, 'index': None, 'column': None, 'unique': False, 'columns': [], 'constraints': []}
2025-03-16 17:35:15,396 - INFO - Test query: CREATE TABLE users (id INT PRIMARY KEY, name TEXT)
2025-03-16 17:35:15,397 - INFO - Parsed result: {"type": "CREATE", "query": "CREATE TABLE users (id INT PRIMARY KEY, name TEXT)", "table": "users", "database": null, "index": null, "column": null, "unique": false, "columns": [], "constraints": []}
2025-03-16 17:35:15,398 - INFO - Server listening on localhost:9999
2025-03-16 17:35:25,369 - DEBUG - {"topologyId": {"$oid": "67d6efb3789fe122f6d0d128"}, "driverConnectionId": 1, "serverConnectionId": 31, "serverHost": "localhost", "serverPort": 27017, "awaited": true, "durationMS": 10000.0, "reply": "{\"isWritablePrimary\": true, \"topologyVersion\": {\"processId\": {\"$oid\": \"67d68d46cab829f20eca4531\"}}, \"maxBsonObjectSize\": 16777216, \"maxMessageSizeBytes\": 48000000, \"maxWriteBatchSize\": 100000, \"localTime\": {\"$date\": \"2025-03-16T15:35:25.369Z\"}, \"logicalSessionTimeoutMinutes\": 30, \"connectionId\": 31, \"maxWireVersion\": 25, \"ok\": 1.0}", "message": "Server heartbeat succeeded"}
2025-03-16 17:35:25,370 - DEBUG - {"topologyId": {"$oid": "67d6efb3789fe122f6d0d128"}, "driverConnectionId": 1, "serverConnectionId": 31, "serverHost": "localhost", "serverPort": 27017, "awaited": true, "message": "Server heartbeat started"}
2025-03-16 17:35:25,372 - DEBUG - {"topologyId": {"$oid": "67d6efb3789fe122f6d0d129"}, "driverConnectionId": 1, "serverConnectionId": 32, "serverHost": "localhost", "serverPort": 27017, "awaited": true, "durationMS": 10000.0, "reply": "{\"isWritablePrimary\": true, \"topologyVersion\": {\"processId\": {\"$oid\": \"67d68d46cab829f20eca4531\"}}, \"maxBsonObjectSize\": 16777216, \"maxMessageSizeBytes\": 48000000, \"maxWriteBatchSize\": 100000, \"localTime\": {\"$date\": \"2025-03-16T15:35:25.372Z\"}, \"logicalSessionTimeoutMinutes\": 30, \"connectionId\": 32, \"maxWireVersion\": 25, \"ok\": 1.0}", "message": "Server heartbeat succeeded"}
2025-03-16 17:35:25,373 - DEBUG - {"topologyId": {"$oid": "67d6efb3789fe122f6d0d129"}, "driverConnectionId": 1, "serverConnectionId": 32, "serverHost": "localhost", "serverPort": 27017, "awaited": true, "message": "Server heartbeat started"}
2025-03-16 17:35:35,369 - DEBUG - {"topologyId": {"$oid": "67d6efb3789fe122f6d0d128"}, "driverConnectionId": 1, "serverConnectionId": 31, "serverHost": "localhost", "serverPort": 27017, "awaited": true, "durationMS": 10000.0, "reply": "{\"isWritablePrimary\": true, \"topologyVersion\": {\"processId\": {\"$oid\": \"67d68d46cab829f20eca4531\"}}, \"maxBsonObjectSize\": 16777216, \"maxMessageSizeBytes\": 48000000, \"maxWriteBatchSize\": 100000, \"localTime\": {\"$date\": \"2025-03-16T15:35:35.369Z\"}, \"logicalSessionTimeoutMinutes\": 30, \"connectionId\": 31, \"maxWireVersion\": 25, \"ok\": 1.0}", "message": "Server heartbeat succeeded"}
2025-03-16 17:35:35,370 - DEBUG - {"topologyId": {"$oid": "67d6efb3789fe122f6d0d128"}, "driverConnectionId": 1, "serverConnectionId": 31, "serverHost": "localhost", "serverPort": 27017, "awaited": true, "message": "Server heartbeat started"}
2025-03-16 17:35:35,372 - DEBUG - {"topologyId": {"$oid": "67d6efb3789fe122f6d0d129"}, "driverConnectionId": 1, "serverConnectionId": 32, "serverHost": "localhost", "serverPort": 27017, "awaited": true, "durationMS": 10000.0, "reply": "{\"isWritablePrimary\": true, \"topologyVersion\": {\"processId\": {\"$oid\": \"67d68d46cab829f20eca4531\"}}, \"maxBsonObjectSize\": 16777216, \"maxMessageSizeBytes\": 48000000, \"maxWriteBatchSize\": 100000, \"localTime\": {\"$date\": \"2025-03-16T15:35:35.372Z\"}, \"logicalSessionTimeoutMinutes\": 30, \"connectionId\": 32, \"maxWireVersion\": 25, \"ok\": 1.0}", "message": "Server heartbeat succeeded"}
2025-03-16 17:35:35,373 - DEBUG - {"topologyId": {"$oid": "67d6efb3789fe122f6d0d129"}, "driverConnectionId": 1, "serverConnectionId": 32, "serverHost": "localhost", "serverPort": 27017, "awaited": true, "message": "Server heartbeat started"}
2025-03-16 17:35:42,435 - INFO - Connection from ('127.0.0.1', 65142)
2025-03-16 17:35:42,435 - INFO - Handling request: login
2025-03-16 17:35:42,436 - INFO - Login attempt for user: admin
2025-03-16 17:35:42,436 - DEBUG - {"message": "Server selection started", "selector": "Primary()", "operation": "find", "topologyDescription": "<TopologyDescription id: 67d6efb3789fe122f6d0d128, topology_type: Single, servers: [<ServerDescription ('localhost', 27017) server_type: Standalone, rtt: 0.002560000000521541>]>", "clientId": {"$oid": "67d6efb3789fe122f6d0d128"}}
2025-03-16 17:35:42,437 - DEBUG - {"message": "Server selection succeeded", "selector": "Primary()", "operation": "find", "topologyDescription": "<TopologyDescription id: 67d6efb3789fe122f6d0d128, topology_type: Single, servers: [<ServerDescription ('localhost', 27017) server_type: Standalone, rtt: 0.002560000000521541>]>", "clientId": {"$oid": "67d6efb3789fe122f6d0d128"}, "serverHost": "localhost", "serverPort": 27017}
2025-03-16 17:35:42,438 - DEBUG - {"clientId": {"$oid": "67d6efb3789fe122f6d0d128"}, "message": "Connection checkout started", "serverHost": "localhost", "serverPort": 27017}
2025-03-16 17:35:42,438 - DEBUG - {"clientId": {"$oid": "67d6efb3789fe122f6d0d128"}, "message": "Connection checked out", "serverHost": "localhost", "serverPort": 27017, "driverConnectionId": 1, "durationMS": 0.0}
2025-03-16 17:35:42,439 - DEBUG - {"clientId": {"$oid": "67d6efb3789fe122f6d0d128"}, "message": "Command started", "command": "{\"find\": \"users\", \"filter\": {\"username\": \"admin\"}, \"limit\": 1, \"singleBatch\": true, \"lsid\": {\"id\": {\"$binary\": {\"base64\": \"51VNv0ZkTEKCga6cCBfJUA==\", \"subType\": \"04\"}}}, \"$db\": \"dbms_project\"}", "commandName": "find", "databaseName": "dbms_project", "requestId": 6334, "operationId": 6334, "driverConnectionId": 1, "serverConnectionId": 34, "serverHost": "localhost", "serverPort": 27017}
2025-03-16 17:35:42,440 - DEBUG - {"clientId": {"$oid": "67d6efb3789fe122f6d0d128"}, "message": "Command succeeded", "durationMS": 0.9790000000000001, "reply": "{\"cursor\": {\"firstBatch\": [{\"_id\": {\"$oid\": \"67d6ea4fa82232e862d8cb1d\"}, \"username\": \"admin\", \"password\": \"8c6976e5b5410415bde908bd4dee15dfb167a9c873fc4bb8a81f6f2ab448a918\", \"role\": \"admin\"}], \"ns\": \"dbms_project.users\"}, \"ok\": 1.0}", "commandName": "find", "databaseName": "dbms_project", "requestId": 6334, "operationId": 6334, "driverConnectionId": 1, "serverConnectionId": 34, "serverHost": "localhost", "serverPort": 27017}
2025-03-16 17:35:42,441 - DEBUG - {"clientId": {"$oid": "67d6efb3789fe122f6d0d128"}, "message": "Connection checked in", "serverHost": "localhost", "serverPort": 27017, "driverConnectionId": 1}
2025-03-16 17:35:42,442 - INFO - User admin logged in successfully (role: admin)
2025-03-16 17:35:45,369 - DEBUG - {"topologyId": {"$oid": "67d6efb3789fe122f6d0d128"}, "driverConnectionId": 1, "serverConnectionId": 31, "serverHost": "localhost", "serverPort": 27017, "awaited": true, "durationMS": 10000.0, "reply": "{\"isWritablePrimary\": true, \"topologyVersion\": {\"processId\": {\"$oid\": \"67d68d46cab829f20eca4531\"}}, \"maxBsonObjectSize\": 16777216, \"maxMessageSizeBytes\": 48000000, \"maxWriteBatchSize\": 100000, \"localTime\": {\"$date\": \"2025-03-16T15:35:45.369Z\"}, \"logicalSessionTimeoutMinutes\": 30, \"connectionId\": 31, \"maxWireVersion\": 25, \"ok\": 1.0}", "message": "Server heartbeat succeeded"}
2025-03-16 17:35:45,370 - DEBUG - {"topologyId": {"$oid": "67d6efb3789fe122f6d0d128"}, "driverConnectionId": 1, "serverConnectionId": 31, "serverHost": "localhost", "serverPort": 27017, "awaited": true, "message": "Server heartbeat started"}
2025-03-16 17:35:45,372 - DEBUG - {"topologyId": {"$oid": "67d6efb3789fe122f6d0d129"}, "driverConnectionId": 1, "serverConnectionId": 32, "serverHost": "localhost", "serverPort": 27017, "awaited": true, "durationMS": 10000.0, "reply": "{\"isWritablePrimary\": true, \"topologyVersion\": {\"processId\": {\"$oid\": \"67d68d46cab829f20eca4531\"}}, \"maxBsonObjectSize\": 16777216, \"maxMessageSizeBytes\": 48000000, \"maxWriteBatchSize\": 100000, \"localTime\": {\"$date\": \"2025-03-16T15:35:45.372Z\"}, \"logicalSessionTimeoutMinutes\": 30, \"connectionId\": 32, \"maxWireVersion\": 25, \"ok\": 1.0}", "message": "Server heartbeat succeeded"}
2025-03-16 17:35:45,373 - DEBUG - {"topologyId": {"$oid": "67d6efb3789fe122f6d0d129"}, "driverConnectionId": 1, "serverConnectionId": 32, "serverHost": "localhost", "serverPort": 27017, "awaited": true, "message": "Server heartbeat started"}
2025-03-16 17:35:52,571 - INFO - Connection from ('127.0.0.1', 65144)
2025-03-16 17:35:52,572 - INFO - Handling request: query
2025-03-16 17:35:52,572 - INFO - Query from admin: CREATE DATABASE b1
2025-03-16 17:35:52,573 - DEBUG - Parsing SQL query: CREATE DATABASE b1
2025-03-16 17:35:52,573 - DEBUG - Parsed SQL result: {'type': 'CREATE', 'query': 'CREATE DATABASE b1', 'table': None, 'database': 'b1', 'index': None, 'column': None, 'unique': False, 'columns': [], 'constraints': []}
2025-03-16 17:35:52,574 - DEBUG - Planning query...
2025-03-16 17:35:52,574 - DEBUG - Planning CREATE DATABASE query: {'type': 'CREATE', 'query': 'CREATE DATABASE b1', 'table': None, 'database': 'b1', 'index': None, 'column': None, 'unique': False, 'columns': [], 'constraints': []}
2025-03-16 17:35:52,575 - DEBUG - Optimizing query...
2025-03-16 17:35:52,576 - DEBUG - Optimizing plan: {'type': 'CREATE_DATABASE', 'database': 'b1'}
2025-03-16 17:35:52,576 - INFO - Initial plan: {'type': 'CREATE_DATABASE', 'database': 'b1'}
2025-03-16 17:35:52,577 - INFO - Optimized plan: {'type': 'CREATE_DATABASE', 'database': 'b1'}
2025-03-16 17:35:52,577 - DEBUG - Executing query...
2025-03-16 17:35:52,578 - DEBUG - Creating database: b1
2025-03-16 17:35:52,579 - DEBUG - {"message": "Server selection started", "selector": "Primary()", "operation": "find", "topologyDescription": "<TopologyDescription id: 67d6efb3789fe122f6d0d128, topology_type: Single, servers: [<ServerDescription ('localhost', 27017) server_type: Standalone, rtt: 0.002048000000417233>]>", "clientId": {"$oid": "67d6efb3789fe122f6d0d128"}}
2025-03-16 17:35:52,580 - DEBUG - {"message": "Server selection succeeded", "selector": "Primary()", "operation": "find", "topologyDescription": "<TopologyDescription id: 67d6efb3789fe122f6d0d128, topology_type: Single, servers: [<ServerDescription ('localhost', 27017) server_type: Standalone, rtt: 0.002048000000417233>]>", "clientId": {"$oid": "67d6efb3789fe122f6d0d128"}, "serverHost": "localhost", "serverPort": 27017}
2025-03-16 17:35:52,581 - DEBUG - {"clientId": {"$oid": "67d6efb3789fe122f6d0d128"}, "message": "Connection checkout started", "serverHost": "localhost", "serverPort": 27017}
2025-03-16 17:35:52,582 - DEBUG - {"clientId": {"$oid": "67d6efb3789fe122f6d0d128"}, "message": "Connection checked out", "serverHost": "localhost", "serverPort": 27017, "driverConnectionId": 1, "durationMS": 0.0}
2025-03-16 17:35:52,583 - DEBUG - {"clientId": {"$oid": "67d6efb3789fe122f6d0d128"}, "message": "Command started", "command": "{\"find\": \"databases\", \"filter\": {\"_id\": \"b1\"}, \"limit\": 1, \"singleBatch\": true, \"lsid\": {\"id\": {\"$binary\": {\"base64\": \"51VNv0ZkTEKCga6cCBfJUA==\", \"subType\": \"04\"}}}, \"$db\": \"dbms_project\"}", "commandName": "find", "databaseName": "dbms_project", "requestId": 26500, "operationId": 26500, "driverConnectionId": 1, "serverConnectionId": 34, "serverHost": "localhost", "serverPort": 27017}
2025-03-16 17:35:52,590 - DEBUG - {"clientId": {"$oid": "67d6efb3789fe122f6d0d128"}, "message": "Command succeeded", "durationMS": 7.015000000000001, "reply": "{\"cursor\": {\"ns\": \"dbms_project.databases\"}, \"ok\": 1.0}", "commandName": "find", "databaseName": "dbms_project", "requestId": 26500, "operationId": 26500, "driverConnectionId": 1, "serverConnectionId": 34, "serverHost": "localhost", "serverPort": 27017}
2025-03-16 17:35:52,590 - DEBUG - {"clientId": {"$oid": "67d6efb3789fe122f6d0d128"}, "message": "Connection checked in", "serverHost": "localhost", "serverPort": 27017, "driverConnectionId": 1}
2025-03-16 17:35:52,591 - DEBUG - {"message": "Server selection started", "selector": "<function writable_server_selector at 0x000002C3A363EC00>", "operation": "insert", "topologyDescription": "<TopologyDescription id: 67d6efb3789fe122f6d0d128, topology_type: Single, servers: [<ServerDescription ('localhost', 27017) server_type: Standalone, rtt: 0.002048000000417233>]>", "clientId": {"$oid": "67d6efb3789fe122f6d0d128"}}
2025-03-16 17:35:52,592 - DEBUG - {"message": "Server selection succeeded", "selector": "<function writable_server_selector at 0x000002C3A363EC00>", "operation": "insert", "topologyDescription": "<TopologyDescription id: 67d6efb3789fe122f6d0d128, topology_type: Single, servers: [<ServerDescription ('localhost', 27017) server_type: Standalone, rtt: 0.002048000000417233>]>", "clientId": {"$oid": "67d6efb3789fe122f6d0d128"}, "serverHost": "localhost", "serverPort": 27017}
2025-03-16 17:35:52,592 - DEBUG - {"clientId": {"$oid": "67d6efb3789fe122f6d0d128"}, "message": "Connection checkout started", "serverHost": "localhost", "serverPort": 27017}
2025-03-16 17:35:52,593 - DEBUG - {"clientId": {"$oid": "67d6efb3789fe122f6d0d128"}, "message": "Connection checked out", "serverHost": "localhost", "serverPort": 27017, "driverConnectionId": 1, "durationMS": 0.0}
2025-03-16 17:35:52,594 - DEBUG - {"clientId": {"$oid": "67d6efb3789fe122f6d0d128"}, "message": "Command started", "command": "{\"insert\": \"databases\", \"ordered\": true, \"lsid\": {\"id\": {\"$binary\": {\"base64\": \"51VNv0ZkTEKCga6cCBfJUA==\", \"subType\": \"04\"}}}, \"$db\": \"dbms_project\", \"documents\": [{\"_id\": \"b1\"}]}", "commandName": "insert", "databaseName": "dbms_project", "requestId": 19169, "operationId": 19169, "driverConnectionId": 1, "serverConnectionId": 34, "serverHost": "localhost", "serverPort": 27017}
2025-03-16 17:35:52,604 - DEBUG - {"clientId": {"$oid": "67d6efb3789fe122f6d0d128"}, "message": "Command succeeded", "durationMS": 10.103, "reply": "{\"n\": 1, \"ok\": 1.0}", "commandName": "insert", "databaseName": "dbms_project", "requestId": 19169, "operationId": 19169, "driverConnectionId": 1, "serverConnectionId": 34, "serverHost": "localhost", "serverPort": 27017}
2025-03-16 17:35:52,605 - DEBUG - {"clientId": {"$oid": "67d6efb3789fe122f6d0d128"}, "message": "Connection checked in", "serverHost": "localhost", "serverPort": 27017, "driverConnectionId": 1}
2025-03-16 17:35:52,606 - INFO - Database b1 created.
2025-03-16 17:35:52,606 - INFO - Query executed successfully
2025-03-16 17:35:55,369 - DEBUG - {"topologyId": {"$oid": "67d6efb3789fe122f6d0d128"}, "driverConnectionId": 1, "serverConnectionId": 31, "serverHost": "localhost", "serverPort": 27017, "awaited": true, "durationMS": 10000.0, "reply": "{\"isWritablePrimary\": true, \"topologyVersion\": {\"processId\": {\"$oid\": \"67d68d46cab829f20eca4531\"}}, \"maxBsonObjectSize\": 16777216, \"maxMessageSizeBytes\": 48000000, \"maxWriteBatchSize\": 100000, \"localTime\": {\"$date\": \"2025-03-16T15:35:55.369Z\"}, \"logicalSessionTimeoutMinutes\": 30, \"connectionId\": 31, \"maxWireVersion\": 25, \"ok\": 1.0}", "message": "Server heartbeat succeeded"}
2025-03-16 17:35:55,370 - DEBUG - {"topologyId": {"$oid": "67d6efb3789fe122f6d0d128"}, "driverConnectionId": 1, "serverConnectionId": 31, "serverHost": "localhost", "serverPort": 27017, "awaited": true, "message": "Server heartbeat started"}
2025-03-16 17:35:55,372 - DEBUG - {"topologyId": {"$oid": "67d6efb3789fe122f6d0d129"}, "driverConnectionId": 1, "serverConnectionId": 32, "serverHost": "localhost", "serverPort": 27017, "awaited": true, "durationMS": 10000.0, "reply": "{\"isWritablePrimary\": true, \"topologyVersion\": {\"processId\": {\"$oid\": \"67d68d46cab829f20eca4531\"}}, \"maxBsonObjectSize\": 16777216, \"maxMessageSizeBytes\": 48000000, \"maxWriteBatchSize\": 100000, \"localTime\": {\"$date\": \"2025-03-16T15:35:55.372Z\"}, \"logicalSessionTimeoutMinutes\": 30, \"connectionId\": 32, \"maxWireVersion\": 25, \"ok\": 1.0}", "message": "Server heartbeat succeeded"}
2025-03-16 17:35:55,372 - DEBUG - {"topologyId": {"$oid": "67d6efb3789fe122f6d0d129"}, "driverConnectionId": 1, "serverConnectionId": 32, "serverHost": "localhost", "serverPort": 27017, "awaited": true, "message": "Server heartbeat started"}
2025-03-16 17:36:05,369 - DEBUG - {"topologyId": {"$oid": "67d6efb3789fe122f6d0d128"}, "driverConnectionId": 1, "serverConnectionId": 31, "serverHost": "localhost", "serverPort": 27017, "awaited": true, "durationMS": 10000.0, "reply": "{\"isWritablePrimary\": true, \"topologyVersion\": {\"processId\": {\"$oid\": \"67d68d46cab829f20eca4531\"}}, \"maxBsonObjectSize\": 16777216, \"maxMessageSizeBytes\": 48000000, \"maxWriteBatchSize\": 100000, \"localTime\": {\"$date\": \"2025-03-16T15:36:05.369Z\"}, \"logicalSessionTimeoutMinutes\": 30, \"connectionId\": 31, \"maxWireVersion\": 25, \"ok\": 1.0}", "message": "Server heartbeat succeeded"}
2025-03-16 17:36:05,370 - DEBUG - {"topologyId": {"$oid": "67d6efb3789fe122f6d0d128"}, "driverConnectionId": 1, "serverConnectionId": 31, "serverHost": "localhost", "serverPort": 27017, "awaited": true, "message": "Server heartbeat started"}
2025-03-16 17:36:05,386 - DEBUG - {"topologyId": {"$oid": "67d6efb3789fe122f6d0d129"}, "driverConnectionId": 1, "serverConnectionId": 32, "serverHost": "localhost", "serverPort": 27017, "awaited": true, "durationMS": 10015.999999999622, "reply": "{\"isWritablePrimary\": true, \"topologyVersion\": {\"processId\": {\"$oid\": \"67d68d46cab829f20eca4531\"}}, \"maxBsonObjectSize\": 16777216, \"maxMessageSizeBytes\": 48000000, \"maxWriteBatchSize\": 100000, \"localTime\": {\"$date\": \"2025-03-16T15:36:05.386Z\"}, \"logicalSessionTimeoutMinutes\": 30, \"connectionId\": 32, \"maxWireVersion\": 25, \"ok\": 1.0}", "message": "Server heartbeat succeeded"}
2025-03-16 17:36:05,387 - DEBUG - {"topologyId": {"$oid": "67d6efb3789fe122f6d0d129"}, "driverConnectionId": 1, "serverConnectionId": 32, "serverHost": "localhost", "serverPort": 27017, "awaited": true, "message": "Server heartbeat started"}
2025-03-16 17:36:08,027 - INFO - Connection from ('127.0.0.1', 65148)
2025-03-16 17:36:08,028 - INFO - Handling request: query
2025-03-16 17:36:08,029 - INFO - Query from admin: CREATE DATABASE b2
2025-03-16 17:36:08,030 - DEBUG - Parsing SQL query: CREATE DATABASE b2
2025-03-16 17:36:08,031 - DEBUG - Parsed SQL result: {'type': 'CREATE', 'query': 'CREATE DATABASE b2', 'table': None, 'database': 'b2', 'index': None, 'column': None, 'unique': False, 'columns': [], 'constraints': []}
2025-03-16 17:36:08,031 - DEBUG - Planning query...
2025-03-16 17:36:08,032 - DEBUG - Planning CREATE DATABASE query: {'type': 'CREATE', 'query': 'CREATE DATABASE b2', 'table': None, 'database': 'b2', 'index': None, 'column': None, 'unique': False, 'columns': [], 'constraints': []}
2025-03-16 17:36:08,032 - DEBUG - Optimizing query...
2025-03-16 17:36:08,033 - DEBUG - Optimizing plan: {'type': 'CREATE_DATABASE', 'database': 'b2'}
2025-03-16 17:36:08,033 - INFO - Initial plan: {'type': 'CREATE_DATABASE', 'database': 'b2'}
2025-03-16 17:36:08,034 - INFO - Optimized plan: {'type': 'CREATE_DATABASE', 'database': 'b2'}
2025-03-16 17:36:08,034 - DEBUG - Executing query...
2025-03-16 17:36:08,034 - DEBUG - Creating database: b2
2025-03-16 17:36:08,035 - DEBUG - {"message": "Server selection started", "selector": "Primary()", "operation": "find", "topologyDescription": "<TopologyDescription id: 67d6efb3789fe122f6d0d128, topology_type: Single, servers: [<ServerDescription ('localhost', 27017) server_type: Standalone, rtt: 0.0013107200002670293>]>", "clientId": {"$oid": "67d6efb3789fe122f6d0d128"}}
2025-03-16 17:36:08,035 - DEBUG - {"message": "Server selection succeeded", "selector": "Primary()", "operation": "find", "topologyDescription": "<TopologyDescription id: 67d6efb3789fe122f6d0d128, topology_type: Single, servers: [<ServerDescription ('localhost', 27017) server_type: Standalone, rtt: 0.0013107200002670293>]>", "clientId": {"$oid": "67d6efb3789fe122f6d0d128"}, "serverHost": "localhost", "serverPort": 27017}
2025-03-16 17:36:08,036 - DEBUG - {"clientId": {"$oid": "67d6efb3789fe122f6d0d128"}, "message": "Connection checkout started", "serverHost": "localhost", "serverPort": 27017}
2025-03-16 17:36:08,036 - DEBUG - {"clientId": {"$oid": "67d6efb3789fe122f6d0d128"}, "message": "Connection checked out", "serverHost": "localhost", "serverPort": 27017, "driverConnectionId": 1, "durationMS": 0.0}
2025-03-16 17:36:08,037 - DEBUG - {"clientId": {"$oid": "67d6efb3789fe122f6d0d128"}, "message": "Command started", "command": "{\"find\": \"databases\", \"filter\": {\"_id\": \"b2\"}, \"limit\": 1, \"singleBatch\": true, \"lsid\": {\"id\": {\"$binary\": {\"base64\": \"51VNv0ZkTEKCga6cCBfJUA==\", \"subType\": \"04\"}}}, \"$db\": \"dbms_project\"}", "commandName": "find", "databaseName": "dbms_project", "requestId": 15724, "operationId": 15724, "driverConnectionId": 1, "serverConnectionId": 34, "serverHost": "localhost", "serverPort": 27017}
2025-03-16 17:36:08,038 - DEBUG - {"clientId": {"$oid": "67d6efb3789fe122f6d0d128"}, "message": "Command succeeded", "durationMS": 0.9970000000000001, "reply": "{\"cursor\": {\"ns\": \"dbms_project.databases\"}, \"ok\": 1.0}", "commandName": "find", "databaseName": "dbms_project", "requestId": 15724, "operationId": 15724, "driverConnectionId": 1, "serverConnectionId": 34, "serverHost": "localhost", "serverPort": 27017}
2025-03-16 17:36:08,038 - DEBUG - {"clientId": {"$oid": "67d6efb3789fe122f6d0d128"}, "message": "Connection checked in", "serverHost": "localhost", "serverPort": 27017, "driverConnectionId": 1}
2025-03-16 17:36:08,039 - DEBUG - {"message": "Server selection started", "selector": "<function writable_server_selector at 0x000002C3A363EC00>", "operation": "insert", "topologyDescription": "<TopologyDescription id: 67d6efb3789fe122f6d0d128, topology_type: Single, servers: [<ServerDescription ('localhost', 27017) server_type: Standalone, rtt: 0.0013107200002670293>]>", "clientId": {"$oid": "67d6efb3789fe122f6d0d128"}}
2025-03-16 17:36:08,040 - DEBUG - {"message": "Server selection succeeded", "selector": "<function writable_server_selector at 0x000002C3A363EC00>", "operation": "insert", "topologyDescription": "<TopologyDescription id: 67d6efb3789fe122f6d0d128, topology_type: Single, servers: [<ServerDescription ('localhost', 27017) server_type: Standalone, rtt: 0.0013107200002670293>]>", "clientId": {"$oid": "67d6efb3789fe122f6d0d128"}, "serverHost": "localhost", "serverPort": 27017}
2025-03-16 17:36:08,040 - DEBUG - {"clientId": {"$oid": "67d6efb3789fe122f6d0d128"}, "message": "Connection checkout started", "serverHost": "localhost", "serverPort": 27017}
2025-03-16 17:36:08,041 - DEBUG - {"clientId": {"$oid": "67d6efb3789fe122f6d0d128"}, "message": "Connection checked out", "serverHost": "localhost", "serverPort": 27017, "driverConnectionId": 1, "durationMS": 0.0}
2025-03-16 17:36:08,041 - DEBUG - {"clientId": {"$oid": "67d6efb3789fe122f6d0d128"}, "message": "Command started", "command": "{\"insert\": \"databases\", \"ordered\": true, \"lsid\": {\"id\": {\"$binary\": {\"base64\": \"51VNv0ZkTEKCga6cCBfJUA==\", \"subType\": \"04\"}}}, \"$db\": \"dbms_project\", \"documents\": [{\"_id\": \"b2\"}]}", "commandName": "insert", "databaseName": "dbms_project", "requestId": 11478, "operationId": 11478, "driverConnectionId": 1, "serverConnectionId": 34, "serverHost": "localhost", "serverPort": 27017}
2025-03-16 17:36:08,043 - DEBUG - {"clientId": {"$oid": "67d6efb3789fe122f6d0d128"}, "message": "Command succeeded", "durationMS": 1.001, "reply": "{\"n\": 1, \"ok\": 1.0}", "commandName": "insert", "databaseName": "dbms_project", "requestId": 11478, "operationId": 11478, "driverConnectionId": 1, "serverConnectionId": 34, "serverHost": "localhost", "serverPort": 27017}
2025-03-16 17:36:08,044 - DEBUG - {"clientId": {"$oid": "67d6efb3789fe122f6d0d128"}, "message": "Connection checked in", "serverHost": "localhost", "serverPort": 27017, "driverConnectionId": 1}
2025-03-16 17:36:08,045 - INFO - Database b2 created.
2025-03-16 17:36:08,046 - INFO - Query executed successfully
2025-03-16 17:36:15,388 - DEBUG - {"topologyId": {"$oid": "67d6efb3789fe122f6d0d128"}, "driverConnectionId": 1, "serverConnectionId": 31, "serverHost": "localhost", "serverPort": 27017, "awaited": true, "durationMS": 10015.999999999622, "reply": "{\"isWritablePrimary\": true, \"topologyVersion\": {\"processId\": {\"$oid\": \"67d68d46cab829f20eca4531\"}}, \"maxBsonObjectSize\": 16777216, \"maxMessageSizeBytes\": 48000000, \"maxWriteBatchSize\": 100000, \"localTime\": {\"$date\": \"2025-03-16T15:36:15.388Z\"}, \"logicalSessionTimeoutMinutes\": 30, \"connectionId\": 31, \"maxWireVersion\": 25, \"ok\": 1.0}", "message": "Server heartbeat succeeded"}
2025-03-16 17:36:15,389 - DEBUG - {"topologyId": {"$oid": "67d6efb3789fe122f6d0d128"}, "driverConnectionId": 1, "serverConnectionId": 31, "serverHost": "localhost", "serverPort": 27017, "awaited": true, "message": "Server heartbeat started"}
2025-03-16 17:36:15,390 - DEBUG - {"topologyId": {"$oid": "67d6efb3789fe122f6d0d129"}, "driverConnectionId": 1, "serverConnectionId": 32, "serverHost": "localhost", "serverPort": 27017, "awaited": true, "durationMS": 10000.0, "reply": "{\"isWritablePrimary\": true, \"topologyVersion\": {\"processId\": {\"$oid\": \"67d68d46cab829f20eca4531\"}}, \"maxBsonObjectSize\": 16777216, \"maxMessageSizeBytes\": 48000000, \"maxWriteBatchSize\": 100000, \"localTime\": {\"$date\": \"2025-03-16T15:36:15.390Z\"}, \"logicalSessionTimeoutMinutes\": 30, \"connectionId\": 32, \"maxWireVersion\": 25, \"ok\": 1.0}", "message": "Server heartbeat succeeded"}
2025-03-16 17:36:15,391 - DEBUG - {"topologyId": {"$oid": "67d6efb3789fe122f6d0d129"}, "driverConnectionId": 1, "serverConnectionId": 32, "serverHost": "localhost", "serverPort": 27017, "awaited": true, "message": "Server heartbeat started"}
2025-03-16 17:36:25,389 - DEBUG - {"topologyId": {"$oid": "67d6efb3789fe122f6d0d128"}, "driverConnectionId": 1, "serverConnectionId": 31, "serverHost": "localhost", "serverPort": 27017, "awaited": true, "durationMS": 10000.0, "reply": "{\"isWritablePrimary\": true, \"topologyVersion\": {\"processId\": {\"$oid\": \"67d68d46cab829f20eca4531\"}}, \"maxBsonObjectSize\": 16777216, \"maxMessageSizeBytes\": 48000000, \"maxWriteBatchSize\": 100000, \"localTime\": {\"$date\": \"2025-03-16T15:36:25.389Z\"}, \"logicalSessionTimeoutMinutes\": 30, \"connectionId\": 31, \"maxWireVersion\": 25, \"ok\": 1.0}", "message": "Server heartbeat succeeded"}
2025-03-16 17:36:25,390 - DEBUG - {"topologyId": {"$oid": "67d6efb3789fe122f6d0d128"}, "driverConnectionId": 1, "serverConnectionId": 31, "serverHost": "localhost", "serverPort": 27017, "awaited": true, "message": "Server heartbeat started"}
2025-03-16 17:36:25,395 - DEBUG - {"topologyId": {"$oid": "67d6efb3789fe122f6d0d129"}, "driverConnectionId": 1, "serverConnectionId": 32, "serverHost": "localhost", "serverPort": 27017, "awaited": true, "durationMS": 10000.0, "reply": "{\"isWritablePrimary\": true, \"topologyVersion\": {\"processId\": {\"$oid\": \"67d68d46cab829f20eca4531\"}}, \"maxBsonObjectSize\": 16777216, \"maxMessageSizeBytes\": 48000000, \"maxWriteBatchSize\": 100000, \"localTime\": {\"$date\": \"2025-03-16T15:36:25.395Z\"}, \"logicalSessionTimeoutMinutes\": 30, \"connectionId\": 32, \"maxWireVersion\": 25, \"ok\": 1.0}", "message": "Server heartbeat succeeded"}
2025-03-16 17:36:25,397 - DEBUG - {"topologyId": {"$oid": "67d6efb3789fe122f6d0d129"}, "driverConnectionId": 1, "serverConnectionId": 32, "serverHost": "localhost", "serverPort": 27017, "awaited": true, "message": "Server heartbeat started"}
2025-03-16 17:36:35,390 - DEBUG - {"topologyId": {"$oid": "67d6efb3789fe122f6d0d128"}, "driverConnectionId": 1, "serverConnectionId": 31, "serverHost": "localhost", "serverPort": 27017, "awaited": true, "durationMS": 10000.0, "reply": "{\"isWritablePrimary\": true, \"topologyVersion\": {\"processId\": {\"$oid\": \"67d68d46cab829f20eca4531\"}}, \"maxBsonObjectSize\": 16777216, \"maxMessageSizeBytes\": 48000000, \"maxWriteBatchSize\": 100000, \"localTime\": {\"$date\": \"2025-03-16T15:36:35.390Z\"}, \"logicalSessionTimeoutMinutes\": 30, \"connectionId\": 31, \"maxWireVersion\": 25, \"ok\": 1.0}", "message": "Server heartbeat succeeded"}
2025-03-16 17:36:35,391 - DEBUG - {"topologyId": {"$oid": "67d6efb3789fe122f6d0d128"}, "driverConnectionId": 1, "serverConnectionId": 31, "serverHost": "localhost", "serverPort": 27017, "awaited": true, "message": "Server heartbeat started"}
2025-03-16 17:36:35,398 - DEBUG - {"topologyId": {"$oid": "67d6efb3789fe122f6d0d129"}, "driverConnectionId": 1, "serverConnectionId": 32, "serverHost": "localhost", "serverPort": 27017, "awaited": true, "durationMS": 10000.0, "reply": "{\"isWritablePrimary\": true, \"topologyVersion\": {\"processId\": {\"$oid\": \"67d68d46cab829f20eca4531\"}}, \"maxBsonObjectSize\": 16777216, \"maxMessageSizeBytes\": 48000000, \"maxWriteBatchSize\": 100000, \"localTime\": {\"$date\": \"2025-03-16T15:36:35.398Z\"}, \"logicalSessionTimeoutMinutes\": 30, \"connectionId\": 32, \"maxWireVersion\": 25, \"ok\": 1.0}", "message": "Server heartbeat succeeded"}
2025-03-16 17:36:35,399 - DEBUG - {"topologyId": {"$oid": "67d6efb3789fe122f6d0d129"}, "driverConnectionId": 1, "serverConnectionId": 32, "serverHost": "localhost", "serverPort": 27017, "awaited": true, "message": "Server heartbeat started"}
2025-03-16 17:36:45,393 - DEBUG - {"topologyId": {"$oid": "67d6efb3789fe122f6d0d128"}, "driverConnectionId": 1, "serverConnectionId": 31, "serverHost": "localhost", "serverPort": 27017, "awaited": true, "durationMS": 10000.0, "reply": "{\"isWritablePrimary\": true, \"topologyVersion\": {\"processId\": {\"$oid\": \"67d68d46cab829f20eca4531\"}}, \"maxBsonObjectSize\": 16777216, \"maxMessageSizeBytes\": 48000000, \"maxWriteBatchSize\": 100000, \"localTime\": {\"$date\": \"2025-03-16T15:36:45.393Z\"}, \"logicalSessionTimeoutMinutes\": 30, \"connectionId\": 31, \"maxWireVersion\": 25, \"ok\": 1.0}", "message": "Server heartbeat succeeded"}
2025-03-16 17:36:45,394 - DEBUG - {"topologyId": {"$oid": "67d6efb3789fe122f6d0d128"}, "driverConnectionId": 1, "serverConnectionId": 31, "serverHost": "localhost", "serverPort": 27017, "awaited": true, "message": "Server heartbeat started"}
2025-03-16 17:36:45,398 - DEBUG - {"topologyId": {"$oid": "67d6efb3789fe122f6d0d129"}, "driverConnectionId": 1, "serverConnectionId": 32, "serverHost": "localhost", "serverPort": 27017, "awaited": true, "durationMS": 9985.000000000582, "reply": "{\"isWritablePrimary\": true, \"topologyVersion\": {\"processId\": {\"$oid\": \"67d68d46cab829f20eca4531\"}}, \"maxBsonObjectSize\": 16777216, \"maxMessageSizeBytes\": 48000000, \"maxWriteBatchSize\": 100000, \"localTime\": {\"$date\": \"2025-03-16T15:36:45.398Z\"}, \"logicalSessionTimeoutMinutes\": 30, \"connectionId\": 32, \"maxWireVersion\": 25, \"ok\": 1.0}", "message": "Server heartbeat succeeded"}
2025-03-16 17:36:45,399 - DEBUG - {"topologyId": {"$oid": "67d6efb3789fe122f6d0d129"}, "driverConnectionId": 1, "serverConnectionId": 32, "serverHost": "localhost", "serverPort": 27017, "awaited": true, "message": "Server heartbeat started"}
2025-03-16 17:36:55,393 - DEBUG - {"topologyId": {"$oid": "67d6efb3789fe122f6d0d128"}, "driverConnectionId": 1, "serverConnectionId": 31, "serverHost": "localhost", "serverPort": 27017, "awaited": true, "durationMS": 10000.0, "reply": "{\"isWritablePrimary\": true, \"topologyVersion\": {\"processId\": {\"$oid\": \"67d68d46cab829f20eca4531\"}}, \"maxBsonObjectSize\": 16777216, \"maxMessageSizeBytes\": 48000000, \"maxWriteBatchSize\": 100000, \"localTime\": {\"$date\": \"2025-03-16T15:36:55.393Z\"}, \"logicalSessionTimeoutMinutes\": 30, \"connectionId\": 31, \"maxWireVersion\": 25, \"ok\": 1.0}", "message": "Server heartbeat succeeded"}
2025-03-16 17:36:55,394 - DEBUG - {"topologyId": {"$oid": "67d6efb3789fe122f6d0d128"}, "driverConnectionId": 1, "serverConnectionId": 31, "serverHost": "localhost", "serverPort": 27017, "awaited": true, "message": "Server heartbeat started"}
2025-03-16 17:36:55,398 - DEBUG - {"topologyId": {"$oid": "67d6efb3789fe122f6d0d129"}, "driverConnectionId": 1, "serverConnectionId": 32, "serverHost": "localhost", "serverPort": 27017, "awaited": true, "durationMS": 9985.000000000582, "reply": "{\"isWritablePrimary\": true, \"topologyVersion\": {\"processId\": {\"$oid\": \"67d68d46cab829f20eca4531\"}}, \"maxBsonObjectSize\": 16777216, \"maxMessageSizeBytes\": 48000000, \"maxWriteBatchSize\": 100000, \"localTime\": {\"$date\": \"2025-03-16T15:36:55.398Z\"}, \"logicalSessionTimeoutMinutes\": 30, \"connectionId\": 32, \"maxWireVersion\": 25, \"ok\": 1.0}", "message": "Server heartbeat succeeded"}
2025-03-16 17:36:55,399 - DEBUG - {"topologyId": {"$oid": "67d6efb3789fe122f6d0d129"}, "driverConnectionId": 1, "serverConnectionId": 32, "serverHost": "localhost", "serverPort": 27017, "awaited": true, "message": "Server heartbeat started"}
2025-03-16 17:37:05,394 - DEBUG - {"topologyId": {"$oid": "67d6efb3789fe122f6d0d128"}, "driverConnectionId": 1, "serverConnectionId": 31, "serverHost": "localhost", "serverPort": 27017, "awaited": true, "durationMS": 10000.0, "reply": "{\"isWritablePrimary\": true, \"topologyVersion\": {\"processId\": {\"$oid\": \"67d68d46cab829f20eca4531\"}}, \"maxBsonObjectSize\": 16777216, \"maxMessageSizeBytes\": 48000000, \"maxWriteBatchSize\": 100000, \"localTime\": {\"$date\": \"2025-03-16T15:37:05.394Z\"}, \"logicalSessionTimeoutMinutes\": 30, \"connectionId\": 31, \"maxWireVersion\": 25, \"ok\": 1.0}", "message": "Server heartbeat succeeded"}
2025-03-16 17:37:05,395 - DEBUG - {"topologyId": {"$oid": "67d6efb3789fe122f6d0d128"}, "driverConnectionId": 1, "serverConnectionId": 31, "serverHost": "localhost", "serverPort": 27017, "awaited": true, "message": "Server heartbeat started"}
2025-03-16 17:37:05,399 - DEBUG - {"topologyId": {"$oid": "67d6efb3789fe122f6d0d129"}, "driverConnectionId": 1, "serverConnectionId": 32, "serverHost": "localhost", "serverPort": 27017, "awaited": true, "durationMS": 10000.0, "reply": "{\"isWritablePrimary\": true, \"topologyVersion\": {\"processId\": {\"$oid\": \"67d68d46cab829f20eca4531\"}}, \"maxBsonObjectSize\": 16777216, \"maxMessageSizeBytes\": 48000000, \"maxWriteBatchSize\": 100000, \"localTime\": {\"$date\": \"2025-03-16T15:37:05.399Z\"}, \"logicalSessionTimeoutMinutes\": 30, \"connectionId\": 32, \"maxWireVersion\": 25, \"ok\": 1.0}", "message": "Server heartbeat succeeded"}
2025-03-16 17:37:05,400 - DEBUG - {"topologyId": {"$oid": "67d6efb3789fe122f6d0d129"}, "driverConnectionId": 1, "serverConnectionId": 32, "serverHost": "localhost", "serverPort": 27017, "awaited": true, "message": "Server heartbeat started"}
2025-03-16 17:37:09,403 - INFO - Connection from ('127.0.0.1', 65165)
2025-03-16 17:37:09,403 - INFO - Handling request: query
2025-03-16 17:37:09,404 - INFO - Query from admin: create table mydb users id:int name:varchar age:int extra:int
2025-03-16 17:37:09,404 - DEBUG - Parsing SQL query: create table mydb users id:int name:varchar age:int extra:int
2025-03-16 17:37:09,406 - DEBUG - Parsed SQL result: {'type': 'CREATE', 'query': 'create table mydb users id:int name:varchar age:int extra:int', 'table': 'users', 'database': None, 'index': None, 'column': None, 'unique': False, 'columns': [], 'constraints': []}
2025-03-16 17:37:09,407 - DEBUG - Planning query...
2025-03-16 17:37:09,407 - DEBUG - Planning CREATE TABLE query: {'type': 'CREATE', 'query': 'create table mydb users id:int name:varchar age:int extra:int', 'table': 'users', 'database': None, 'index': None, 'column': None, 'unique': False, 'columns': [], 'constraints': []}
2025-03-16 17:37:09,408 - DEBUG - Optimizing query...
2025-03-16 17:37:09,408 - DEBUG - Optimizing plan: {'type': 'CREATE_TABLE', 'table': 'users', 'columns': []}
2025-03-16 17:37:09,409 - INFO - Initial plan: {'type': 'CREATE_TABLE', 'table': 'users', 'columns': []}
2025-03-16 17:37:09,410 - INFO - Optimized plan: {'type': 'CREATE_TABLE', 'table': 'users', 'columns': []}
2025-03-16 17:37:09,410 - DEBUG - Executing query...
2025-03-16 17:37:09,411 - ERROR - Error handling client: 'ExecutionEngine' object has no attribute 'execute_create_table'
2025-03-16 17:37:09,413 - ERROR - Traceback (most recent call last):
  File "E:\Programming\pyHMSSQL\server\server.py", line 802, in start_server
    response = server.handle_request(data)
               ^^^^^^^^^^^^^^^^^^^^^^^^^^^
  File "E:\Programming\pyHMSSQL\server\server.py", line 87, in handle_request
    return self.handle_query(data)
           ^^^^^^^^^^^^^^^^^^^^^^^
  File "E:\Programming\pyHMSSQL\server\server.py", line 732, in handle_query
    result = self.execution_engine.execute(optimized_plan)
             ^^^^^^^^^^^^^^^^^^^^^^^^^^^^^^^^^^^^^^^^^^^^^
  File "E:\Programming\pyHMSSQL\server\execution_engine.py", line 622, in execute
    return self.execute_create_table(plan)
           ^^^^^^^^^^^^^^^^^^^^^^^^^
AttributeError: 'ExecutionEngine' object has no attribute 'execute_create_table'. Did you mean: 'execute_create_database'?

2025-03-16 17:37:15,396 - DEBUG - {"topologyId": {"$oid": "67d6efb3789fe122f6d0d128"}, "driverConnectionId": 1, "serverConnectionId": 31, "serverHost": "localhost", "serverPort": 27017, "awaited": true, "durationMS": 10000.0, "reply": "{\"isWritablePrimary\": true, \"topologyVersion\": {\"processId\": {\"$oid\": \"67d68d46cab829f20eca4531\"}}, \"maxBsonObjectSize\": 16777216, \"maxMessageSizeBytes\": 48000000, \"maxWriteBatchSize\": 100000, \"localTime\": {\"$date\": \"2025-03-16T15:37:15.396Z\"}, \"logicalSessionTimeoutMinutes\": 30, \"connectionId\": 31, \"maxWireVersion\": 25, \"ok\": 1.0}", "message": "Server heartbeat succeeded"}
2025-03-16 17:37:15,398 - DEBUG - {"topologyId": {"$oid": "67d6efb3789fe122f6d0d128"}, "driverConnectionId": 1, "serverConnectionId": 31, "serverHost": "localhost", "serverPort": 27017, "awaited": true, "message": "Server heartbeat started"}
2025-03-16 17:37:15,400 - DEBUG - {"topologyId": {"$oid": "67d6efb3789fe122f6d0d129"}, "driverConnectionId": 1, "serverConnectionId": 32, "serverHost": "localhost", "serverPort": 27017, "awaited": true, "durationMS": 10000.0, "reply": "{\"isWritablePrimary\": true, \"topologyVersion\": {\"processId\": {\"$oid\": \"67d68d46cab829f20eca4531\"}}, \"maxBsonObjectSize\": 16777216, \"maxMessageSizeBytes\": 48000000, \"maxWriteBatchSize\": 100000, \"localTime\": {\"$date\": \"2025-03-16T15:37:15.400Z\"}, \"logicalSessionTimeoutMinutes\": 30, \"connectionId\": 32, \"maxWireVersion\": 25, \"ok\": 1.0}", "message": "Server heartbeat succeeded"}
2025-03-16 17:37:15,401 - DEBUG - {"topologyId": {"$oid": "67d6efb3789fe122f6d0d129"}, "driverConnectionId": 1, "serverConnectionId": 32, "serverHost": "localhost", "serverPort": 27017, "awaited": true, "message": "Server heartbeat started"}
2025-03-16 17:37:25,397 - DEBUG - {"topologyId": {"$oid": "67d6efb3789fe122f6d0d128"}, "driverConnectionId": 1, "serverConnectionId": 31, "serverHost": "localhost", "serverPort": 27017, "awaited": true, "durationMS": 10000.0, "reply": "{\"isWritablePrimary\": true, \"topologyVersion\": {\"processId\": {\"$oid\": \"67d68d46cab829f20eca4531\"}}, \"maxBsonObjectSize\": 16777216, \"maxMessageSizeBytes\": 48000000, \"maxWriteBatchSize\": 100000, \"localTime\": {\"$date\": \"2025-03-16T15:37:25.398Z\"}, \"logicalSessionTimeoutMinutes\": 30, \"connectionId\": 31, \"maxWireVersion\": 25, \"ok\": 1.0}", "message": "Server heartbeat succeeded"}
2025-03-16 17:37:25,398 - DEBUG - {"topologyId": {"$oid": "67d6efb3789fe122f6d0d128"}, "driverConnectionId": 1, "serverConnectionId": 31, "serverHost": "localhost", "serverPort": 27017, "awaited": true, "message": "Server heartbeat started"}
2025-03-16 17:37:25,400 - DEBUG - {"topologyId": {"$oid": "67d6efb3789fe122f6d0d129"}, "driverConnectionId": 1, "serverConnectionId": 32, "serverHost": "localhost", "serverPort": 27017, "awaited": true, "durationMS": 10000.0, "reply": "{\"isWritablePrimary\": true, \"topologyVersion\": {\"processId\": {\"$oid\": \"67d68d46cab829f20eca4531\"}}, \"maxBsonObjectSize\": 16777216, \"maxMessageSizeBytes\": 48000000, \"maxWriteBatchSize\": 100000, \"localTime\": {\"$date\": \"2025-03-16T15:37:25.400Z\"}, \"logicalSessionTimeoutMinutes\": 30, \"connectionId\": 32, \"maxWireVersion\": 25, \"ok\": 1.0}", "message": "Server heartbeat succeeded"}
2025-03-16 17:37:25,400 - DEBUG - {"topologyId": {"$oid": "67d6efb3789fe122f6d0d129"}, "driverConnectionId": 1, "serverConnectionId": 32, "serverHost": "localhost", "serverPort": 27017, "awaited": true, "message": "Server heartbeat started"}
2025-03-16 17:37:35,398 - DEBUG - {"topologyId": {"$oid": "67d6efb3789fe122f6d0d128"}, "driverConnectionId": 1, "serverConnectionId": 31, "serverHost": "localhost", "serverPort": 27017, "awaited": true, "durationMS": 10000.0, "reply": "{\"isWritablePrimary\": true, \"topologyVersion\": {\"processId\": {\"$oid\": \"67d68d46cab829f20eca4531\"}}, \"maxBsonObjectSize\": 16777216, \"maxMessageSizeBytes\": 48000000, \"maxWriteBatchSize\": 100000, \"localTime\": {\"$date\": \"2025-03-16T15:37:35.398Z\"}, \"logicalSessionTimeoutMinutes\": 30, \"connectionId\": 31, \"maxWireVersion\": 25, \"ok\": 1.0}", "message": "Server heartbeat succeeded"}
2025-03-16 17:37:35,399 - DEBUG - {"topologyId": {"$oid": "67d6efb3789fe122f6d0d128"}, "driverConnectionId": 1, "serverConnectionId": 31, "serverHost": "localhost", "serverPort": 27017, "awaited": true, "message": "Server heartbeat started"}
2025-03-16 17:37:35,401 - DEBUG - {"topologyId": {"$oid": "67d6efb3789fe122f6d0d129"}, "driverConnectionId": 1, "serverConnectionId": 32, "serverHost": "localhost", "serverPort": 27017, "awaited": true, "durationMS": 10000.0, "reply": "{\"isWritablePrimary\": true, \"topologyVersion\": {\"processId\": {\"$oid\": \"67d68d46cab829f20eca4531\"}}, \"maxBsonObjectSize\": 16777216, \"maxMessageSizeBytes\": 48000000, \"maxWriteBatchSize\": 100000, \"localTime\": {\"$date\": \"2025-03-16T15:37:35.401Z\"}, \"logicalSessionTimeoutMinutes\": 30, \"connectionId\": 32, \"maxWireVersion\": 25, \"ok\": 1.0}", "message": "Server heartbeat succeeded"}
2025-03-16 17:37:35,401 - DEBUG - {"topologyId": {"$oid": "67d6efb3789fe122f6d0d129"}, "driverConnectionId": 1, "serverConnectionId": 32, "serverHost": "localhost", "serverPort": 27017, "awaited": true, "message": "Server heartbeat started"}
2025-03-16 17:37:45,399 - DEBUG - {"topologyId": {"$oid": "67d6efb3789fe122f6d0d128"}, "driverConnectionId": 1, "serverConnectionId": 31, "serverHost": "localhost", "serverPort": 27017, "awaited": true, "durationMS": 9985.000000000582, "reply": "{\"isWritablePrimary\": true, \"topologyVersion\": {\"processId\": {\"$oid\": \"67d68d46cab829f20eca4531\"}}, \"maxBsonObjectSize\": 16777216, \"maxMessageSizeBytes\": 48000000, \"maxWriteBatchSize\": 100000, \"localTime\": {\"$date\": \"2025-03-16T15:37:45.399Z\"}, \"logicalSessionTimeoutMinutes\": 30, \"connectionId\": 31, \"maxWireVersion\": 25, \"ok\": 1.0}", "message": "Server heartbeat succeeded"}
2025-03-16 17:37:45,400 - DEBUG - {"topologyId": {"$oid": "67d6efb3789fe122f6d0d128"}, "driverConnectionId": 1, "serverConnectionId": 31, "serverHost": "localhost", "serverPort": 27017, "awaited": true, "message": "Server heartbeat started"}
2025-03-16 17:37:45,402 - DEBUG - {"topologyId": {"$oid": "67d6efb3789fe122f6d0d129"}, "driverConnectionId": 1, "serverConnectionId": 32, "serverHost": "localhost", "serverPort": 27017, "awaited": true, "durationMS": 10000.0, "reply": "{\"isWritablePrimary\": true, \"topologyVersion\": {\"processId\": {\"$oid\": \"67d68d46cab829f20eca4531\"}}, \"maxBsonObjectSize\": 16777216, \"maxMessageSizeBytes\": 48000000, \"maxWriteBatchSize\": 100000, \"localTime\": {\"$date\": \"2025-03-16T15:37:45.402Z\"}, \"logicalSessionTimeoutMinutes\": 30, \"connectionId\": 32, \"maxWireVersion\": 25, \"ok\": 1.0}", "message": "Server heartbeat succeeded"}
2025-03-16 17:37:45,402 - DEBUG - {"topologyId": {"$oid": "67d6efb3789fe122f6d0d129"}, "driverConnectionId": 1, "serverConnectionId": 32, "serverHost": "localhost", "serverPort": 27017, "awaited": true, "message": "Server heartbeat started"}
2025-03-16 17:37:55,399 - DEBUG - {"topologyId": {"$oid": "67d6efb3789fe122f6d0d128"}, "driverConnectionId": 1, "serverConnectionId": 31, "serverHost": "localhost", "serverPort": 27017, "awaited": true, "durationMS": 10000.0, "reply": "{\"isWritablePrimary\": true, \"topologyVersion\": {\"processId\": {\"$oid\": \"67d68d46cab829f20eca4531\"}}, \"maxBsonObjectSize\": 16777216, \"maxMessageSizeBytes\": 48000000, \"maxWriteBatchSize\": 100000, \"localTime\": {\"$date\": \"2025-03-16T15:37:55.399Z\"}, \"logicalSessionTimeoutMinutes\": 30, \"connectionId\": 31, \"maxWireVersion\": 25, \"ok\": 1.0}", "message": "Server heartbeat succeeded"}
2025-03-16 17:37:55,400 - DEBUG - {"topologyId": {"$oid": "67d6efb3789fe122f6d0d128"}, "driverConnectionId": 1, "serverConnectionId": 31, "serverHost": "localhost", "serverPort": 27017, "awaited": true, "message": "Server heartbeat started"}
2025-03-16 17:37:55,403 - DEBUG - {"topologyId": {"$oid": "67d6efb3789fe122f6d0d129"}, "driverConnectionId": 1, "serverConnectionId": 32, "serverHost": "localhost", "serverPort": 27017, "awaited": true, "durationMS": 10000.0, "reply": "{\"isWritablePrimary\": true, \"topologyVersion\": {\"processId\": {\"$oid\": \"67d68d46cab829f20eca4531\"}}, \"maxBsonObjectSize\": 16777216, \"maxMessageSizeBytes\": 48000000, \"maxWriteBatchSize\": 100000, \"localTime\": {\"$date\": \"2025-03-16T15:37:55.403Z\"}, \"logicalSessionTimeoutMinutes\": 30, \"connectionId\": 32, \"maxWireVersion\": 25, \"ok\": 1.0}", "message": "Server heartbeat succeeded"}
2025-03-16 17:37:55,404 - DEBUG - {"topologyId": {"$oid": "67d6efb3789fe122f6d0d129"}, "driverConnectionId": 1, "serverConnectionId": 32, "serverHost": "localhost", "serverPort": 27017, "awaited": true, "message": "Server heartbeat started"}
2025-03-16 17:38:05,401 - DEBUG - {"topologyId": {"$oid": "67d6efb3789fe122f6d0d128"}, "driverConnectionId": 1, "serverConnectionId": 31, "serverHost": "localhost", "serverPort": 27017, "awaited": true, "durationMS": 10000.0, "reply": "{\"isWritablePrimary\": true, \"topologyVersion\": {\"processId\": {\"$oid\": \"67d68d46cab829f20eca4531\"}}, \"maxBsonObjectSize\": 16777216, \"maxMessageSizeBytes\": 48000000, \"maxWriteBatchSize\": 100000, \"localTime\": {\"$date\": \"2025-03-16T15:38:05.401Z\"}, \"logicalSessionTimeoutMinutes\": 30, \"connectionId\": 31, \"maxWireVersion\": 25, \"ok\": 1.0}", "message": "Server heartbeat succeeded"}
2025-03-16 17:38:05,402 - DEBUG - {"topologyId": {"$oid": "67d6efb3789fe122f6d0d128"}, "driverConnectionId": 1, "serverConnectionId": 31, "serverHost": "localhost", "serverPort": 27017, "awaited": true, "message": "Server heartbeat started"}
2025-03-16 17:38:05,404 - DEBUG - {"topologyId": {"$oid": "67d6efb3789fe122f6d0d129"}, "driverConnectionId": 1, "serverConnectionId": 32, "serverHost": "localhost", "serverPort": 27017, "awaited": true, "durationMS": 10000.0, "reply": "{\"isWritablePrimary\": true, \"topologyVersion\": {\"processId\": {\"$oid\": \"67d68d46cab829f20eca4531\"}}, \"maxBsonObjectSize\": 16777216, \"maxMessageSizeBytes\": 48000000, \"maxWriteBatchSize\": 100000, \"localTime\": {\"$date\": \"2025-03-16T15:38:05.404Z\"}, \"logicalSessionTimeoutMinutes\": 30, \"connectionId\": 32, \"maxWireVersion\": 25, \"ok\": 1.0}", "message": "Server heartbeat succeeded"}
2025-03-16 17:38:05,405 - DEBUG - {"topologyId": {"$oid": "67d6efb3789fe122f6d0d129"}, "driverConnectionId": 1, "serverConnectionId": 32, "serverHost": "localhost", "serverPort": 27017, "awaited": true, "message": "Server heartbeat started"}
2025-03-16 17:38:15,401 - DEBUG - {"topologyId": {"$oid": "67d6efb3789fe122f6d0d128"}, "driverConnectionId": 1, "serverConnectionId": 31, "serverHost": "localhost", "serverPort": 27017, "awaited": true, "durationMS": 10000.0, "reply": "{\"isWritablePrimary\": true, \"topologyVersion\": {\"processId\": {\"$oid\": \"67d68d46cab829f20eca4531\"}}, \"maxBsonObjectSize\": 16777216, \"maxMessageSizeBytes\": 48000000, \"maxWriteBatchSize\": 100000, \"localTime\": {\"$date\": \"2025-03-16T15:38:15.401Z\"}, \"logicalSessionTimeoutMinutes\": 30, \"connectionId\": 31, \"maxWireVersion\": 25, \"ok\": 1.0}", "message": "Server heartbeat succeeded"}
2025-03-16 17:38:15,402 - DEBUG - {"topologyId": {"$oid": "67d6efb3789fe122f6d0d128"}, "driverConnectionId": 1, "serverConnectionId": 31, "serverHost": "localhost", "serverPort": 27017, "awaited": true, "message": "Server heartbeat started"}
2025-03-16 17:38:15,404 - DEBUG - {"topologyId": {"$oid": "67d6efb3789fe122f6d0d129"}, "driverConnectionId": 1, "serverConnectionId": 32, "serverHost": "localhost", "serverPort": 27017, "awaited": true, "durationMS": 10000.0, "reply": "{\"isWritablePrimary\": true, \"topologyVersion\": {\"processId\": {\"$oid\": \"67d68d46cab829f20eca4531\"}}, \"maxBsonObjectSize\": 16777216, \"maxMessageSizeBytes\": 48000000, \"maxWriteBatchSize\": 100000, \"localTime\": {\"$date\": \"2025-03-16T15:38:15.404Z\"}, \"logicalSessionTimeoutMinutes\": 30, \"connectionId\": 32, \"maxWireVersion\": 25, \"ok\": 1.0}", "message": "Server heartbeat succeeded"}
2025-03-16 17:38:15,405 - DEBUG - {"topologyId": {"$oid": "67d6efb3789fe122f6d0d129"}, "driverConnectionId": 1, "serverConnectionId": 32, "serverHost": "localhost", "serverPort": 27017, "awaited": true, "message": "Server heartbeat started"}
2025-03-16 17:38:25,403 - DEBUG - {"topologyId": {"$oid": "67d6efb3789fe122f6d0d128"}, "driverConnectionId": 1, "serverConnectionId": 31, "serverHost": "localhost", "serverPort": 27017, "awaited": true, "durationMS": 10000.0, "reply": "{\"isWritablePrimary\": true, \"topologyVersion\": {\"processId\": {\"$oid\": \"67d68d46cab829f20eca4531\"}}, \"maxBsonObjectSize\": 16777216, \"maxMessageSizeBytes\": 48000000, \"maxWriteBatchSize\": 100000, \"localTime\": {\"$date\": \"2025-03-16T15:38:25.403Z\"}, \"logicalSessionTimeoutMinutes\": 30, \"connectionId\": 31, \"maxWireVersion\": 25, \"ok\": 1.0}", "message": "Server heartbeat succeeded"}
2025-03-16 17:38:25,404 - DEBUG - {"topologyId": {"$oid": "67d6efb3789fe122f6d0d128"}, "driverConnectionId": 1, "serverConnectionId": 31, "serverHost": "localhost", "serverPort": 27017, "awaited": true, "message": "Server heartbeat started"}
2025-03-16 17:38:25,406 - DEBUG - {"topologyId": {"$oid": "67d6efb3789fe122f6d0d129"}, "driverConnectionId": 1, "serverConnectionId": 32, "serverHost": "localhost", "serverPort": 27017, "awaited": true, "durationMS": 10000.0, "reply": "{\"isWritablePrimary\": true, \"topologyVersion\": {\"processId\": {\"$oid\": \"67d68d46cab829f20eca4531\"}}, \"maxBsonObjectSize\": 16777216, \"maxMessageSizeBytes\": 48000000, \"maxWriteBatchSize\": 100000, \"localTime\": {\"$date\": \"2025-03-16T15:38:25.406Z\"}, \"logicalSessionTimeoutMinutes\": 30, \"connectionId\": 32, \"maxWireVersion\": 25, \"ok\": 1.0}", "message": "Server heartbeat succeeded"}
2025-03-16 17:38:25,407 - DEBUG - {"topologyId": {"$oid": "67d6efb3789fe122f6d0d129"}, "driverConnectionId": 1, "serverConnectionId": 32, "serverHost": "localhost", "serverPort": 27017, "awaited": true, "message": "Server heartbeat started"}
2025-03-16 17:38:35,404 - DEBUG - {"topologyId": {"$oid": "67d6efb3789fe122f6d0d128"}, "driverConnectionId": 1, "serverConnectionId": 31, "serverHost": "localhost", "serverPort": 27017, "awaited": true, "durationMS": 10000.0, "reply": "{\"isWritablePrimary\": true, \"topologyVersion\": {\"processId\": {\"$oid\": \"67d68d46cab829f20eca4531\"}}, \"maxBsonObjectSize\": 16777216, \"maxMessageSizeBytes\": 48000000, \"maxWriteBatchSize\": 100000, \"localTime\": {\"$date\": \"2025-03-16T15:38:35.404Z\"}, \"logicalSessionTimeoutMinutes\": 30, \"connectionId\": 31, \"maxWireVersion\": 25, \"ok\": 1.0}", "message": "Server heartbeat succeeded"}
2025-03-16 17:38:35,405 - DEBUG - {"topologyId": {"$oid": "67d6efb3789fe122f6d0d128"}, "driverConnectionId": 1, "serverConnectionId": 31, "serverHost": "localhost", "serverPort": 27017, "awaited": true, "message": "Server heartbeat started"}
2025-03-16 17:38:35,406 - DEBUG - {"topologyId": {"$oid": "67d6efb3789fe122f6d0d129"}, "driverConnectionId": 1, "serverConnectionId": 32, "serverHost": "localhost", "serverPort": 27017, "awaited": true, "durationMS": 10000.0, "reply": "{\"isWritablePrimary\": true, \"topologyVersion\": {\"processId\": {\"$oid\": \"67d68d46cab829f20eca4531\"}}, \"maxBsonObjectSize\": 16777216, \"maxMessageSizeBytes\": 48000000, \"maxWriteBatchSize\": 100000, \"localTime\": {\"$date\": \"2025-03-16T15:38:35.406Z\"}, \"logicalSessionTimeoutMinutes\": 30, \"connectionId\": 32, \"maxWireVersion\": 25, \"ok\": 1.0}", "message": "Server heartbeat succeeded"}
2025-03-16 17:38:35,407 - DEBUG - {"topologyId": {"$oid": "67d6efb3789fe122f6d0d129"}, "driverConnectionId": 1, "serverConnectionId": 32, "serverHost": "localhost", "serverPort": 27017, "awaited": true, "message": "Server heartbeat started"}
2025-03-16 17:38:45,407 - DEBUG - {"topologyId": {"$oid": "67d6efb3789fe122f6d0d129"}, "driverConnectionId": 1, "serverConnectionId": 32, "serverHost": "localhost", "serverPort": 27017, "awaited": true, "durationMS": 10000.0, "reply": "{\"isWritablePrimary\": true, \"topologyVersion\": {\"processId\": {\"$oid\": \"67d68d46cab829f20eca4531\"}}, \"maxBsonObjectSize\": 16777216, \"maxMessageSizeBytes\": 48000000, \"maxWriteBatchSize\": 100000, \"localTime\": {\"$date\": \"2025-03-16T15:38:45.407Z\"}, \"logicalSessionTimeoutMinutes\": 30, \"connectionId\": 32, \"maxWireVersion\": 25, \"ok\": 1.0}", "message": "Server heartbeat succeeded"}
2025-03-16 17:38:45,407 - DEBUG - {"topologyId": {"$oid": "67d6efb3789fe122f6d0d128"}, "driverConnectionId": 1, "serverConnectionId": 31, "serverHost": "localhost", "serverPort": 27017, "awaited": true, "durationMS": 10000.0, "reply": "{\"isWritablePrimary\": true, \"topologyVersion\": {\"processId\": {\"$oid\": \"67d68d46cab829f20eca4531\"}}, \"maxBsonObjectSize\": 16777216, \"maxMessageSizeBytes\": 48000000, \"maxWriteBatchSize\": 100000, \"localTime\": {\"$date\": \"2025-03-16T15:38:45.407Z\"}, \"logicalSessionTimeoutMinutes\": 30, \"connectionId\": 31, \"maxWireVersion\": 25, \"ok\": 1.0}", "message": "Server heartbeat succeeded"}
2025-03-16 17:38:45,455 - DEBUG - {"topologyId": {"$oid": "67d6efb3789fe122f6d0d129"}, "driverConnectionId": 1, "serverConnectionId": 32, "serverHost": "localhost", "serverPort": 27017, "awaited": true, "message": "Server heartbeat started"}
2025-03-16 17:38:45,456 - DEBUG - {"topologyId": {"$oid": "67d6efb3789fe122f6d0d128"}, "driverConnectionId": 1, "serverConnectionId": 31, "serverHost": "localhost", "serverPort": 27017, "awaited": true, "message": "Server heartbeat started"}
